<?xml version="1.0" encoding="UTF-8"?>
<testng-results ignored="0" total="126" passed="73" failed="53" skipped="0">
  <reporter-output>
  </reporter-output>
  <suite started-at="2020-07-06T12:23:47 BST" name="Applitools Traditional Regression Suite" finished-at="2020-07-06T12:32:40 BST" duration-ms="532120">
    <groups>
    </groups>
    <test started-at="2020-07-06T12:23:47 BST" name="ChromeDesktopTest" finished-at="2020-07-06T12:25:04 BST" duration-ms="76680">
      <class name="com.natasha.applitools.traditionalTests.traditionalTestV2.ShoppingExperienceTest">
        <test-method is-config="true" signature="openBrowser(java.lang.String, java.lang.String)[pri:0, instance:com.natasha.applitools.traditionalTests.traditionalTestV2.ShoppingExperienceTest@5c1a8622]" started-at="2020-07-06T12:24:44 BST" name="openBrowser" finished-at="2020-07-06T12:24:47 BST" duration-ms="3219" status="PASS">
          <params>
            <param index="0">
              <value>
                <![CDATA[chrome-desktop]]>
              </value>
            </param>
            <param index="1">
              <value>
                <![CDATA[v2]]>
              </value>
            </param>
          </params>
          <reporter-output>
          </reporter-output>
        </test-method> <!-- openBrowser -->
        <test-method signature="checkTwoBlackShoesAreDisplayedWhenFilteredByColourBlack()[pri:0, instance:com.natasha.applitools.traditionalTests.traditionalTestV2.ShoppingExperienceTest@5c1a8622]" started-at="2020-07-06T12:24:47 BST" name="checkTwoBlackShoesAreDisplayedWhenFilteredByColourBlack" finished-at="2020-07-06T12:24:48 BST" duration-ms="173" status="FAIL">
          <exception class="java.lang.AssertionError">
            <message>
              <![CDATA[expected [true] but found [false]]]>
            </message>
            <full-stacktrace>
              <![CDATA[java.lang.AssertionError: expected [true] but found [false]
at org.testng.Assert.fail(Assert.java:97)
at org.testng.Assert.failNotEquals(Assert.java:969)
at org.testng.Assert.assertTrue(Assert.java:43)
at org.testng.Assert.assertTrue(Assert.java:53)
at com.natasha.applitools.traditionalTests.BaseTest.checkNumberOfElementsDisplayed(BaseTest.kt:142)
at com.natasha.applitools.traditionalTests.traditionalTestV2.ShoppingExperienceTest.checkTwoBlackShoesAreDisplayedWhenFilteredByColourBlack(ShoppingExperienceTest.kt:14)
at java.base/jdk.internal.reflect.NativeMethodAccessorImpl.invoke0(Native Method)
at java.base/jdk.internal.reflect.NativeMethodAccessorImpl.invoke(NativeMethodAccessorImpl.java:62)
at java.base/jdk.internal.reflect.DelegatingMethodAccessorImpl.invoke(DelegatingMethodAccessorImpl.java:43)
at java.base/java.lang.reflect.Method.invoke(Method.java:567)
at org.testng.internal.MethodInvocationHelper.invokeMethod(MethodInvocationHelper.java:134)
at org.testng.internal.TestInvoker.invokeMethod(TestInvoker.java:597)
at org.testng.internal.TestInvoker.invokeTestMethod(TestInvoker.java:173)
at org.testng.internal.MethodRunner.runInSequence(MethodRunner.java:46)
at org.testng.internal.TestInvoker$MethodInvocationAgent.invoke(TestInvoker.java:816)
at org.testng.internal.TestInvoker.invokeTestMethods(TestInvoker.java:146)
at org.testng.internal.TestMethodWorker.invokeTestMethods(TestMethodWorker.java:146)
at org.testng.internal.TestMethodWorker.run(TestMethodWorker.java:128)
at java.base/java.util.ArrayList.forEach(ArrayList.java:1507)
at org.testng.TestRunner.privateRun(TestRunner.java:766)
at org.testng.TestRunner.run(TestRunner.java:587)
at org.testng.SuiteRunner.runTest(SuiteRunner.java:384)
at org.testng.SuiteRunner.runSequentially(SuiteRunner.java:378)
at org.testng.SuiteRunner.privateRun(SuiteRunner.java:337)
at org.testng.SuiteRunner.run(SuiteRunner.java:286)
at org.testng.SuiteRunnerWorker.runSuite(SuiteRunnerWorker.java:53)
at org.testng.SuiteRunnerWorker.run(SuiteRunnerWorker.java:96)
at org.testng.TestNG.runSuitesSequentially(TestNG.java:1187)
at org.testng.TestNG.runSuitesLocally(TestNG.java:1109)
at org.testng.TestNG.runSuites(TestNG.java:1039)
at org.testng.TestNG.run(TestNG.java:1007)
at org.apache.maven.surefire.testng.TestNGExecutor.run(TestNGExecutor.java:283)
at org.apache.maven.surefire.testng.TestNGXmlTestSuite.execute(TestNGXmlTestSuite.java:75)
at org.apache.maven.surefire.testng.TestNGProvider.invoke(TestNGProvider.java:120)
at org.apache.maven.surefire.booter.ForkedBooter.runSuitesInProcess(ForkedBooter.java:377)
at org.apache.maven.surefire.booter.ForkedBooter.execute(ForkedBooter.java:138)
at org.apache.maven.surefire.booter.ForkedBooter.run(ForkedBooter.java:465)
at org.apache.maven.surefire.booter.ForkedBooter.main(ForkedBooter.java:451)
]]>
            </full-stacktrace>
          </exception> <!-- java.lang.AssertionError -->
          <reporter-output>
          </reporter-output>
        </test-method> <!-- checkTwoBlackShoesAreDisplayedWhenFilteredByColourBlack -->
        <test-method is-config="true" signature="quitDriver()[pri:0, instance:com.natasha.applitools.traditionalTests.traditionalTestV2.ShoppingExperienceTest@5c1a8622]" started-at="2020-07-06T12:24:48 BST" name="quitDriver" finished-at="2020-07-06T12:24:48 BST" duration-ms="86" status="PASS">
          <reporter-output>
          </reporter-output>
        </test-method> <!-- quitDriver -->
      </class> <!-- com.natasha.applitools.traditionalTests.traditionalTestV2.ShoppingExperienceTest -->
      <class name="com.natasha.applitools.traditionalTests.traditionalTestV2.CrossDeviceElementTest">
        <test-method is-config="true" signature="openBrowser(java.lang.String, java.lang.String)[pri:0, instance:com.natasha.applitools.traditionalTests.traditionalTestV2.CrossDeviceElementTest@2aa5fe93]" started-at="2020-07-06T12:23:48 BST" name="openBrowser" finished-at="2020-07-06T12:23:53 BST" duration-ms="5186" status="PASS">
          <params>
            <param index="0">
              <value>
                <![CDATA[chrome-desktop]]>
              </value>
            </param>
            <param index="1">
              <value>
                <![CDATA[v2]]>
              </value>
            </param>
          </params>
          <reporter-output>
          </reporter-output>
        </test-method> <!-- openBrowser -->
        <test-method signature="checkAddToCartButtonIsDisplayedOnTabletAndMobile()[pri:0, instance:com.natasha.applitools.traditionalTests.traditionalTestV2.CrossDeviceElementTest@2aa5fe93]" started-at="2020-07-06T12:23:53 BST" name="checkAddToCartButtonIsDisplayedOnTabletAndMobile" finished-at="2020-07-06T12:23:53 BST" duration-ms="57" status="FAIL">
          <exception class="java.lang.AssertionError">
            <message>
              <![CDATA[expected [true] but found [false]]]>
            </message>
            <full-stacktrace>
              <![CDATA[java.lang.AssertionError: expected [true] but found [false]
at org.testng.Assert.fail(Assert.java:97)
at org.testng.Assert.failNotEquals(Assert.java:969)
at org.testng.Assert.assertTrue(Assert.java:43)
at org.testng.Assert.assertTrue(Assert.java:53)
at com.natasha.applitools.traditionalTests.BaseTest.checkIsNotDisplayed(BaseTest.kt:134)
at com.natasha.applitools.traditionalTests.traditionalTestV2.CrossDeviceElementTest.checkAddToCartButtonIsDisplayedOnTabletAndMobile(CrossDeviceElementTest.kt:171)
at java.base/jdk.internal.reflect.NativeMethodAccessorImpl.invoke0(Native Method)
at java.base/jdk.internal.reflect.NativeMethodAccessorImpl.invoke(NativeMethodAccessorImpl.java:62)
at java.base/jdk.internal.reflect.DelegatingMethodAccessorImpl.invoke(DelegatingMethodAccessorImpl.java:43)
at java.base/java.lang.reflect.Method.invoke(Method.java:567)
at org.testng.internal.MethodInvocationHelper.invokeMethod(MethodInvocationHelper.java:134)
at org.testng.internal.TestInvoker.invokeMethod(TestInvoker.java:597)
at org.testng.internal.TestInvoker.invokeTestMethod(TestInvoker.java:173)
at org.testng.internal.MethodRunner.runInSequence(MethodRunner.java:46)
at org.testng.internal.TestInvoker$MethodInvocationAgent.invoke(TestInvoker.java:816)
at org.testng.internal.TestInvoker.invokeTestMethods(TestInvoker.java:146)
at org.testng.internal.TestMethodWorker.invokeTestMethods(TestMethodWorker.java:146)
at org.testng.internal.TestMethodWorker.run(TestMethodWorker.java:128)
at java.base/java.util.ArrayList.forEach(ArrayList.java:1507)
at org.testng.TestRunner.privateRun(TestRunner.java:766)
at org.testng.TestRunner.run(TestRunner.java:587)
at org.testng.SuiteRunner.runTest(SuiteRunner.java:384)
at org.testng.SuiteRunner.runSequentially(SuiteRunner.java:378)
at org.testng.SuiteRunner.privateRun(SuiteRunner.java:337)
at org.testng.SuiteRunner.run(SuiteRunner.java:286)
at org.testng.SuiteRunnerWorker.runSuite(SuiteRunnerWorker.java:53)
at org.testng.SuiteRunnerWorker.run(SuiteRunnerWorker.java:96)
at org.testng.TestNG.runSuitesSequentially(TestNG.java:1187)
at org.testng.TestNG.runSuitesLocally(TestNG.java:1109)
at org.testng.TestNG.runSuites(TestNG.java:1039)
at org.testng.TestNG.run(TestNG.java:1007)
at org.apache.maven.surefire.testng.TestNGExecutor.run(TestNGExecutor.java:283)
at org.apache.maven.surefire.testng.TestNGXmlTestSuite.execute(TestNGXmlTestSuite.java:75)
at org.apache.maven.surefire.testng.TestNGProvider.invoke(TestNGProvider.java:120)
at org.apache.maven.surefire.booter.ForkedBooter.runSuitesInProcess(ForkedBooter.java:377)
at org.apache.maven.surefire.booter.ForkedBooter.execute(ForkedBooter.java:138)
at org.apache.maven.surefire.booter.ForkedBooter.run(ForkedBooter.java:465)
at org.apache.maven.surefire.booter.ForkedBooter.main(ForkedBooter.java:451)
]]>
            </full-stacktrace>
          </exception> <!-- java.lang.AssertionError -->
          <reporter-output>
          </reporter-output>
        </test-method> <!-- checkAddToCartButtonIsDisplayedOnTabletAndMobile -->
        <test-method is-config="true" signature="quitDriver()[pri:0, instance:com.natasha.applitools.traditionalTests.traditionalTestV2.CrossDeviceElementTest@2aa5fe93]" started-at="2020-07-06T12:23:53 BST" name="quitDriver" finished-at="2020-07-06T12:23:53 BST" duration-ms="82" status="PASS">
          <reporter-output>
          </reporter-output>
        </test-method> <!-- quitDriver -->
        <test-method is-config="true" signature="openBrowser(java.lang.String, java.lang.String)[pri:0, instance:com.natasha.applitools.traditionalTests.traditionalTestV2.CrossDeviceElementTest@2aa5fe93]" started-at="2020-07-06T12:23:53 BST" name="openBrowser" finished-at="2020-07-06T12:23:56 BST" duration-ms="3337" status="PASS">
          <params>
            <param index="0">
              <value>
                <![CDATA[chrome-desktop]]>
              </value>
            </param>
            <param index="1">
              <value>
                <![CDATA[v2]]>
              </value>
            </param>
          </params>
          <reporter-output>
          </reporter-output>
        </test-method> <!-- openBrowser -->
        <test-method signature="checkAddToCompareButtonIsDisplayedOnTabletAndMobile()[pri:0, instance:com.natasha.applitools.traditionalTests.traditionalTestV2.CrossDeviceElementTest@2aa5fe93]" started-at="2020-07-06T12:23:56 BST" name="checkAddToCompareButtonIsDisplayedOnTabletAndMobile" finished-at="2020-07-06T12:23:56 BST" duration-ms="12" status="FAIL">
          <exception class="java.lang.AssertionError">
            <message>
              <![CDATA[expected [true] but found [false]]]>
            </message>
            <full-stacktrace>
              <![CDATA[java.lang.AssertionError: expected [true] but found [false]
at org.testng.Assert.fail(Assert.java:97)
at org.testng.Assert.failNotEquals(Assert.java:969)
at org.testng.Assert.assertTrue(Assert.java:43)
at org.testng.Assert.assertTrue(Assert.java:53)
at com.natasha.applitools.traditionalTests.BaseTest.checkIsNotDisplayed(BaseTest.kt:134)
at com.natasha.applitools.traditionalTests.traditionalTestV2.CrossDeviceElementTest.checkAddToCompareButtonIsDisplayedOnTabletAndMobile(CrossDeviceElementTest.kt:158)
at java.base/jdk.internal.reflect.NativeMethodAccessorImpl.invoke0(Native Method)
at java.base/jdk.internal.reflect.NativeMethodAccessorImpl.invoke(NativeMethodAccessorImpl.java:62)
at java.base/jdk.internal.reflect.DelegatingMethodAccessorImpl.invoke(DelegatingMethodAccessorImpl.java:43)
at java.base/java.lang.reflect.Method.invoke(Method.java:567)
at org.testng.internal.MethodInvocationHelper.invokeMethod(MethodInvocationHelper.java:134)
at org.testng.internal.TestInvoker.invokeMethod(TestInvoker.java:597)
at org.testng.internal.TestInvoker.invokeTestMethod(TestInvoker.java:173)
at org.testng.internal.MethodRunner.runInSequence(MethodRunner.java:46)
at org.testng.internal.TestInvoker$MethodInvocationAgent.invoke(TestInvoker.java:816)
at org.testng.internal.TestInvoker.invokeTestMethods(TestInvoker.java:146)
at org.testng.internal.TestMethodWorker.invokeTestMethods(TestMethodWorker.java:146)
at org.testng.internal.TestMethodWorker.run(TestMethodWorker.java:128)
at java.base/java.util.ArrayList.forEach(ArrayList.java:1507)
at org.testng.TestRunner.privateRun(TestRunner.java:766)
at org.testng.TestRunner.run(TestRunner.java:587)
at org.testng.SuiteRunner.runTest(SuiteRunner.java:384)
at org.testng.SuiteRunner.runSequentially(SuiteRunner.java:378)
at org.testng.SuiteRunner.privateRun(SuiteRunner.java:337)
at org.testng.SuiteRunner.run(SuiteRunner.java:286)
at org.testng.SuiteRunnerWorker.runSuite(SuiteRunnerWorker.java:53)
at org.testng.SuiteRunnerWorker.run(SuiteRunnerWorker.java:96)
at org.testng.TestNG.runSuitesSequentially(TestNG.java:1187)
at org.testng.TestNG.runSuitesLocally(TestNG.java:1109)
at org.testng.TestNG.runSuites(TestNG.java:1039)
at org.testng.TestNG.run(TestNG.java:1007)
at org.apache.maven.surefire.testng.TestNGExecutor.run(TestNGExecutor.java:283)
at org.apache.maven.surefire.testng.TestNGXmlTestSuite.execute(TestNGXmlTestSuite.java:75)
at org.apache.maven.surefire.testng.TestNGProvider.invoke(TestNGProvider.java:120)
at org.apache.maven.surefire.booter.ForkedBooter.runSuitesInProcess(ForkedBooter.java:377)
at org.apache.maven.surefire.booter.ForkedBooter.execute(ForkedBooter.java:138)
at org.apache.maven.surefire.booter.ForkedBooter.run(ForkedBooter.java:465)
at org.apache.maven.surefire.booter.ForkedBooter.main(ForkedBooter.java:451)
]]>
            </full-stacktrace>
          </exception> <!-- java.lang.AssertionError -->
          <reporter-output>
          </reporter-output>
        </test-method> <!-- checkAddToCompareButtonIsDisplayedOnTabletAndMobile -->
        <test-method is-config="true" signature="quitDriver()[pri:0, instance:com.natasha.applitools.traditionalTests.traditionalTestV2.CrossDeviceElementTest@2aa5fe93]" started-at="2020-07-06T12:23:56 BST" name="quitDriver" finished-at="2020-07-06T12:23:56 BST" duration-ms="82" status="PASS">
          <reporter-output>
          </reporter-output>
        </test-method> <!-- quitDriver -->
        <test-method is-config="true" signature="openBrowser(java.lang.String, java.lang.String)[pri:0, instance:com.natasha.applitools.traditionalTests.traditionalTestV2.CrossDeviceElementTest@2aa5fe93]" started-at="2020-07-06T12:23:56 BST" name="openBrowser" finished-at="2020-07-06T12:24:00 BST" duration-ms="3362" status="PASS">
          <params>
            <param index="0">
              <value>
                <![CDATA[chrome-desktop]]>
              </value>
            </param>
            <param index="1">
              <value>
                <![CDATA[v2]]>
              </value>
            </param>
          </params>
          <reporter-output>
          </reporter-output>
        </test-method> <!-- openBrowser -->
        <test-method signature="checkAddToFavoriteButtonIsDisplayedOnTabletAndMobile()[pri:0, instance:com.natasha.applitools.traditionalTests.traditionalTestV2.CrossDeviceElementTest@2aa5fe93]" started-at="2020-07-06T12:24:00 BST" name="checkAddToFavoriteButtonIsDisplayedOnTabletAndMobile" finished-at="2020-07-06T12:24:00 BST" duration-ms="11" status="FAIL">
          <exception class="java.lang.AssertionError">
            <message>
              <![CDATA[expected [true] but found [false]]]>
            </message>
            <full-stacktrace>
              <![CDATA[java.lang.AssertionError: expected [true] but found [false]
at org.testng.Assert.fail(Assert.java:97)
at org.testng.Assert.failNotEquals(Assert.java:969)
at org.testng.Assert.assertTrue(Assert.java:43)
at org.testng.Assert.assertTrue(Assert.java:53)
at com.natasha.applitools.traditionalTests.BaseTest.checkIsNotDisplayed(BaseTest.kt:134)
at com.natasha.applitools.traditionalTests.traditionalTestV2.CrossDeviceElementTest.checkAddToFavoriteButtonIsDisplayedOnTabletAndMobile(CrossDeviceElementTest.kt:145)
at java.base/jdk.internal.reflect.NativeMethodAccessorImpl.invoke0(Native Method)
at java.base/jdk.internal.reflect.NativeMethodAccessorImpl.invoke(NativeMethodAccessorImpl.java:62)
at java.base/jdk.internal.reflect.DelegatingMethodAccessorImpl.invoke(DelegatingMethodAccessorImpl.java:43)
at java.base/java.lang.reflect.Method.invoke(Method.java:567)
at org.testng.internal.MethodInvocationHelper.invokeMethod(MethodInvocationHelper.java:134)
at org.testng.internal.TestInvoker.invokeMethod(TestInvoker.java:597)
at org.testng.internal.TestInvoker.invokeTestMethod(TestInvoker.java:173)
at org.testng.internal.MethodRunner.runInSequence(MethodRunner.java:46)
at org.testng.internal.TestInvoker$MethodInvocationAgent.invoke(TestInvoker.java:816)
at org.testng.internal.TestInvoker.invokeTestMethods(TestInvoker.java:146)
at org.testng.internal.TestMethodWorker.invokeTestMethods(TestMethodWorker.java:146)
at org.testng.internal.TestMethodWorker.run(TestMethodWorker.java:128)
at java.base/java.util.ArrayList.forEach(ArrayList.java:1507)
at org.testng.TestRunner.privateRun(TestRunner.java:766)
at org.testng.TestRunner.run(TestRunner.java:587)
at org.testng.SuiteRunner.runTest(SuiteRunner.java:384)
at org.testng.SuiteRunner.runSequentially(SuiteRunner.java:378)
at org.testng.SuiteRunner.privateRun(SuiteRunner.java:337)
at org.testng.SuiteRunner.run(SuiteRunner.java:286)
at org.testng.SuiteRunnerWorker.runSuite(SuiteRunnerWorker.java:53)
at org.testng.SuiteRunnerWorker.run(SuiteRunnerWorker.java:96)
at org.testng.TestNG.runSuitesSequentially(TestNG.java:1187)
at org.testng.TestNG.runSuitesLocally(TestNG.java:1109)
at org.testng.TestNG.runSuites(TestNG.java:1039)
at org.testng.TestNG.run(TestNG.java:1007)
at org.apache.maven.surefire.testng.TestNGExecutor.run(TestNGExecutor.java:283)
at org.apache.maven.surefire.testng.TestNGXmlTestSuite.execute(TestNGXmlTestSuite.java:75)
at org.apache.maven.surefire.testng.TestNGProvider.invoke(TestNGProvider.java:120)
at org.apache.maven.surefire.booter.ForkedBooter.runSuitesInProcess(ForkedBooter.java:377)
at org.apache.maven.surefire.booter.ForkedBooter.execute(ForkedBooter.java:138)
at org.apache.maven.surefire.booter.ForkedBooter.run(ForkedBooter.java:465)
at org.apache.maven.surefire.booter.ForkedBooter.main(ForkedBooter.java:451)
]]>
            </full-stacktrace>
          </exception> <!-- java.lang.AssertionError -->
          <reporter-output>
          </reporter-output>
        </test-method> <!-- checkAddToFavoriteButtonIsDisplayedOnTabletAndMobile -->
        <test-method is-config="true" signature="quitDriver()[pri:0, instance:com.natasha.applitools.traditionalTests.traditionalTestV2.CrossDeviceElementTest@2aa5fe93]" started-at="2020-07-06T12:24:00 BST" name="quitDriver" finished-at="2020-07-06T12:24:00 BST" duration-ms="88" status="PASS">
          <reporter-output>
          </reporter-output>
        </test-method> <!-- quitDriver -->
        <test-method is-config="true" signature="openBrowser(java.lang.String, java.lang.String)[pri:0, instance:com.natasha.applitools.traditionalTests.traditionalTestV2.CrossDeviceElementTest@2aa5fe93]" started-at="2020-07-06T12:24:00 BST" name="openBrowser" finished-at="2020-07-06T12:24:03 BST" duration-ms="3188" status="PASS">
          <params>
            <param index="0">
              <value>
                <![CDATA[chrome-desktop]]>
              </value>
            </param>
            <param index="1">
              <value>
                <![CDATA[v2]]>
              </value>
            </param>
          </params>
          <reporter-output>
          </reporter-output>
        </test-method> <!-- openBrowser -->
        <test-method signature="checkCartDisplaysTwoItemsOnlyOnMobileScreens()[pri:0, instance:com.natasha.applitools.traditionalTests.traditionalTestV2.CrossDeviceElementTest@2aa5fe93]" started-at="2020-07-06T12:24:03 BST" name="checkCartDisplaysTwoItemsOnlyOnMobileScreens" finished-at="2020-07-06T12:24:03 BST" duration-ms="37" status="PASS">
          <reporter-output>
          </reporter-output>
        </test-method> <!-- checkCartDisplaysTwoItemsOnlyOnMobileScreens -->
        <test-method is-config="true" signature="quitDriver()[pri:0, instance:com.natasha.applitools.traditionalTests.traditionalTestV2.CrossDeviceElementTest@2aa5fe93]" started-at="2020-07-06T12:24:03 BST" name="quitDriver" finished-at="2020-07-06T12:24:03 BST" duration-ms="89" status="PASS">
          <reporter-output>
          </reporter-output>
        </test-method> <!-- quitDriver -->
        <test-method is-config="true" signature="openBrowser(java.lang.String, java.lang.String)[pri:0, instance:com.natasha.applitools.traditionalTests.traditionalTestV2.CrossDeviceElementTest@2aa5fe93]" started-at="2020-07-06T12:24:03 BST" name="openBrowser" finished-at="2020-07-06T12:24:06 BST" duration-ms="3124" status="PASS">
          <params>
            <param index="0">
              <value>
                <![CDATA[chrome-desktop]]>
              </value>
            </param>
            <param index="1">
              <value>
                <![CDATA[v2]]>
              </value>
            </param>
          </params>
          <reporter-output>
          </reporter-output>
        </test-method> <!-- openBrowser -->
        <test-method signature="checkContactsSectionIsMinimisedOnMobile()[pri:0, instance:com.natasha.applitools.traditionalTests.traditionalTestV2.CrossDeviceElementTest@2aa5fe93]" started-at="2020-07-06T12:24:06 BST" name="checkContactsSectionIsMinimisedOnMobile" finished-at="2020-07-06T12:24:06 BST" duration-ms="29" status="PASS">
          <reporter-output>
          </reporter-output>
        </test-method> <!-- checkContactsSectionIsMinimisedOnMobile -->
        <test-method is-config="true" signature="quitDriver()[pri:0, instance:com.natasha.applitools.traditionalTests.traditionalTestV2.CrossDeviceElementTest@2aa5fe93]" started-at="2020-07-06T12:24:06 BST" name="quitDriver" finished-at="2020-07-06T12:24:06 BST" duration-ms="81" status="PASS">
          <reporter-output>
          </reporter-output>
        </test-method> <!-- quitDriver -->
        <test-method is-config="true" signature="openBrowser(java.lang.String, java.lang.String)[pri:0, instance:com.natasha.applitools.traditionalTests.traditionalTestV2.CrossDeviceElementTest@2aa5fe93]" started-at="2020-07-06T12:24:06 BST" name="openBrowser" finished-at="2020-07-06T12:24:09 BST" duration-ms="3176" status="PASS">
          <params>
            <param index="0">
              <value>
                <![CDATA[chrome-desktop]]>
              </value>
            </param>
            <param index="1">
              <value>
                <![CDATA[v2]]>
              </value>
            </param>
          </params>
          <reporter-output>
          </reporter-output>
        </test-method> <!-- openBrowser -->
        <test-method signature="checkFilterButtonIsDisplayedOnTabletAndMobile()[pri:0, instance:com.natasha.applitools.traditionalTests.traditionalTestV2.CrossDeviceElementTest@2aa5fe93]" started-at="2020-07-06T12:24:09 BST" name="checkFilterButtonIsDisplayedOnTabletAndMobile" finished-at="2020-07-06T12:24:09 BST" duration-ms="28" status="FAIL">
          <exception class="java.lang.AssertionError">
            <message>
              <![CDATA[expected [true] but found [false]]]>
            </message>
            <full-stacktrace>
              <![CDATA[java.lang.AssertionError: expected [true] but found [false]
at org.testng.Assert.fail(Assert.java:97)
at org.testng.Assert.failNotEquals(Assert.java:969)
at org.testng.Assert.assertTrue(Assert.java:43)
at org.testng.Assert.assertTrue(Assert.java:53)
at com.natasha.applitools.traditionalTests.BaseTest.checkIsNotDisplayed(BaseTest.kt:132)
at com.natasha.applitools.traditionalTests.traditionalTestV2.CrossDeviceElementTest.checkFilterButtonIsDisplayedOnTabletAndMobile(CrossDeviceElementTest.kt:80)
at java.base/jdk.internal.reflect.NativeMethodAccessorImpl.invoke0(Native Method)
at java.base/jdk.internal.reflect.NativeMethodAccessorImpl.invoke(NativeMethodAccessorImpl.java:62)
at java.base/jdk.internal.reflect.DelegatingMethodAccessorImpl.invoke(DelegatingMethodAccessorImpl.java:43)
at java.base/java.lang.reflect.Method.invoke(Method.java:567)
at org.testng.internal.MethodInvocationHelper.invokeMethod(MethodInvocationHelper.java:134)
at org.testng.internal.TestInvoker.invokeMethod(TestInvoker.java:597)
at org.testng.internal.TestInvoker.invokeTestMethod(TestInvoker.java:173)
at org.testng.internal.MethodRunner.runInSequence(MethodRunner.java:46)
at org.testng.internal.TestInvoker$MethodInvocationAgent.invoke(TestInvoker.java:816)
at org.testng.internal.TestInvoker.invokeTestMethods(TestInvoker.java:146)
at org.testng.internal.TestMethodWorker.invokeTestMethods(TestMethodWorker.java:146)
at org.testng.internal.TestMethodWorker.run(TestMethodWorker.java:128)
at java.base/java.util.ArrayList.forEach(ArrayList.java:1507)
at org.testng.TestRunner.privateRun(TestRunner.java:766)
at org.testng.TestRunner.run(TestRunner.java:587)
at org.testng.SuiteRunner.runTest(SuiteRunner.java:384)
at org.testng.SuiteRunner.runSequentially(SuiteRunner.java:378)
at org.testng.SuiteRunner.privateRun(SuiteRunner.java:337)
at org.testng.SuiteRunner.run(SuiteRunner.java:286)
at org.testng.SuiteRunnerWorker.runSuite(SuiteRunnerWorker.java:53)
at org.testng.SuiteRunnerWorker.run(SuiteRunnerWorker.java:96)
at org.testng.TestNG.runSuitesSequentially(TestNG.java:1187)
at org.testng.TestNG.runSuitesLocally(TestNG.java:1109)
at org.testng.TestNG.runSuites(TestNG.java:1039)
at org.testng.TestNG.run(TestNG.java:1007)
at org.apache.maven.surefire.testng.TestNGExecutor.run(TestNGExecutor.java:283)
at org.apache.maven.surefire.testng.TestNGXmlTestSuite.execute(TestNGXmlTestSuite.java:75)
at org.apache.maven.surefire.testng.TestNGProvider.invoke(TestNGProvider.java:120)
at org.apache.maven.surefire.booter.ForkedBooter.runSuitesInProcess(ForkedBooter.java:377)
at org.apache.maven.surefire.booter.ForkedBooter.execute(ForkedBooter.java:138)
at org.apache.maven.surefire.booter.ForkedBooter.run(ForkedBooter.java:465)
at org.apache.maven.surefire.booter.ForkedBooter.main(ForkedBooter.java:451)
]]>
            </full-stacktrace>
          </exception> <!-- java.lang.AssertionError -->
          <reporter-output>
          </reporter-output>
        </test-method> <!-- checkFilterButtonIsDisplayedOnTabletAndMobile -->
        <test-method is-config="true" signature="quitDriver()[pri:0, instance:com.natasha.applitools.traditionalTests.traditionalTestV2.CrossDeviceElementTest@2aa5fe93]" started-at="2020-07-06T12:24:09 BST" name="quitDriver" finished-at="2020-07-06T12:24:10 BST" duration-ms="82" status="PASS">
          <reporter-output>
          </reporter-output>
        </test-method> <!-- quitDriver -->
        <test-method is-config="true" signature="openBrowser(java.lang.String, java.lang.String)[pri:0, instance:com.natasha.applitools.traditionalTests.traditionalTestV2.CrossDeviceElementTest@2aa5fe93]" started-at="2020-07-06T12:24:10 BST" name="openBrowser" finished-at="2020-07-06T12:24:13 BST" duration-ms="3194" status="PASS">
          <params>
            <param index="0">
              <value>
                <![CDATA[chrome-desktop]]>
              </value>
            </param>
            <param index="1">
              <value>
                <![CDATA[v2]]>
              </value>
            </param>
          </params>
          <reporter-output>
          </reporter-output>
        </test-method> <!-- openBrowser -->
        <test-method signature="checkFilterButtonLabelIsDisplayedOnTablet()[pri:0, instance:com.natasha.applitools.traditionalTests.traditionalTestV2.CrossDeviceElementTest@2aa5fe93]" started-at="2020-07-06T12:24:13 BST" name="checkFilterButtonLabelIsDisplayedOnTablet" finished-at="2020-07-06T12:24:13 BST" duration-ms="29" status="FAIL">
          <exception class="java.lang.AssertionError">
            <message>
              <![CDATA[expected [true] but found [false]]]>
            </message>
            <full-stacktrace>
              <![CDATA[java.lang.AssertionError: expected [true] but found [false]
at org.testng.Assert.fail(Assert.java:97)
at org.testng.Assert.failNotEquals(Assert.java:969)
at org.testng.Assert.assertTrue(Assert.java:43)
at org.testng.Assert.assertTrue(Assert.java:53)
at com.natasha.applitools.traditionalTests.BaseTest.checkIsNotDisplayed(BaseTest.kt:132)
at com.natasha.applitools.traditionalTests.traditionalTestV2.CrossDeviceElementTest.checkFilterButtonLabelIsDisplayedOnTablet(CrossDeviceElementTest.kt:93)
at java.base/jdk.internal.reflect.NativeMethodAccessorImpl.invoke0(Native Method)
at java.base/jdk.internal.reflect.NativeMethodAccessorImpl.invoke(NativeMethodAccessorImpl.java:62)
at java.base/jdk.internal.reflect.DelegatingMethodAccessorImpl.invoke(DelegatingMethodAccessorImpl.java:43)
at java.base/java.lang.reflect.Method.invoke(Method.java:567)
at org.testng.internal.MethodInvocationHelper.invokeMethod(MethodInvocationHelper.java:134)
at org.testng.internal.TestInvoker.invokeMethod(TestInvoker.java:597)
at org.testng.internal.TestInvoker.invokeTestMethod(TestInvoker.java:173)
at org.testng.internal.MethodRunner.runInSequence(MethodRunner.java:46)
at org.testng.internal.TestInvoker$MethodInvocationAgent.invoke(TestInvoker.java:816)
at org.testng.internal.TestInvoker.invokeTestMethods(TestInvoker.java:146)
at org.testng.internal.TestMethodWorker.invokeTestMethods(TestMethodWorker.java:146)
at org.testng.internal.TestMethodWorker.run(TestMethodWorker.java:128)
at java.base/java.util.ArrayList.forEach(ArrayList.java:1507)
at org.testng.TestRunner.privateRun(TestRunner.java:766)
at org.testng.TestRunner.run(TestRunner.java:587)
at org.testng.SuiteRunner.runTest(SuiteRunner.java:384)
at org.testng.SuiteRunner.runSequentially(SuiteRunner.java:378)
at org.testng.SuiteRunner.privateRun(SuiteRunner.java:337)
at org.testng.SuiteRunner.run(SuiteRunner.java:286)
at org.testng.SuiteRunnerWorker.runSuite(SuiteRunnerWorker.java:53)
at org.testng.SuiteRunnerWorker.run(SuiteRunnerWorker.java:96)
at org.testng.TestNG.runSuitesSequentially(TestNG.java:1187)
at org.testng.TestNG.runSuitesLocally(TestNG.java:1109)
at org.testng.TestNG.runSuites(TestNG.java:1039)
at org.testng.TestNG.run(TestNG.java:1007)
at org.apache.maven.surefire.testng.TestNGExecutor.run(TestNGExecutor.java:283)
at org.apache.maven.surefire.testng.TestNGXmlTestSuite.execute(TestNGXmlTestSuite.java:75)
at org.apache.maven.surefire.testng.TestNGProvider.invoke(TestNGProvider.java:120)
at org.apache.maven.surefire.booter.ForkedBooter.runSuitesInProcess(ForkedBooter.java:377)
at org.apache.maven.surefire.booter.ForkedBooter.execute(ForkedBooter.java:138)
at org.apache.maven.surefire.booter.ForkedBooter.run(ForkedBooter.java:465)
at org.apache.maven.surefire.booter.ForkedBooter.main(ForkedBooter.java:451)
]]>
            </full-stacktrace>
          </exception> <!-- java.lang.AssertionError -->
          <reporter-output>
          </reporter-output>
        </test-method> <!-- checkFilterButtonLabelIsDisplayedOnTablet -->
        <test-method is-config="true" signature="quitDriver()[pri:0, instance:com.natasha.applitools.traditionalTests.traditionalTestV2.CrossDeviceElementTest@2aa5fe93]" started-at="2020-07-06T12:24:13 BST" name="quitDriver" finished-at="2020-07-06T12:24:13 BST" duration-ms="85" status="PASS">
          <reporter-output>
          </reporter-output>
        </test-method> <!-- quitDriver -->
        <test-method is-config="true" signature="openBrowser(java.lang.String, java.lang.String)[pri:0, instance:com.natasha.applitools.traditionalTests.traditionalTestV2.CrossDeviceElementTest@2aa5fe93]" started-at="2020-07-06T12:24:13 BST" name="openBrowser" finished-at="2020-07-06T12:24:16 BST" duration-ms="3530" status="PASS">
          <params>
            <param index="0">
              <value>
                <![CDATA[chrome-desktop]]>
              </value>
            </param>
            <param index="1">
              <value>
                <![CDATA[v2]]>
              </value>
            </param>
          </params>
          <reporter-output>
          </reporter-output>
        </test-method> <!-- openBrowser -->
        <test-method signature="checkFilterSideBarIsDisplayedOnDesktop()[pri:0, instance:com.natasha.applitools.traditionalTests.traditionalTestV2.CrossDeviceElementTest@2aa5fe93]" started-at="2020-07-06T12:24:16 BST" name="checkFilterSideBarIsDisplayedOnDesktop" finished-at="2020-07-06T12:24:16 BST" duration-ms="28" status="PASS">
          <reporter-output>
          </reporter-output>
        </test-method> <!-- checkFilterSideBarIsDisplayedOnDesktop -->
        <test-method is-config="true" signature="quitDriver()[pri:0, instance:com.natasha.applitools.traditionalTests.traditionalTestV2.CrossDeviceElementTest@2aa5fe93]" started-at="2020-07-06T12:24:16 BST" name="quitDriver" finished-at="2020-07-06T12:24:17 BST" duration-ms="82" status="PASS">
          <reporter-output>
          </reporter-output>
        </test-method> <!-- quitDriver -->
        <test-method is-config="true" signature="openBrowser(java.lang.String, java.lang.String)[pri:0, instance:com.natasha.applitools.traditionalTests.traditionalTestV2.CrossDeviceElementTest@2aa5fe93]" started-at="2020-07-06T12:24:17 BST" name="openBrowser" finished-at="2020-07-06T12:24:20 BST" duration-ms="3065" status="PASS">
          <params>
            <param index="0">
              <value>
                <![CDATA[chrome-desktop]]>
              </value>
            </param>
            <param index="1">
              <value>
                <![CDATA[v2]]>
              </value>
            </param>
          </params>
          <reporter-output>
          </reporter-output>
        </test-method> <!-- openBrowser -->
        <test-method signature="checkKeepInTouchSectionIsMinimisedOnMobile()[pri:0, instance:com.natasha.applitools.traditionalTests.traditionalTestV2.CrossDeviceElementTest@2aa5fe93]" started-at="2020-07-06T12:24:20 BST" name="checkKeepInTouchSectionIsMinimisedOnMobile" finished-at="2020-07-06T12:24:20 BST" duration-ms="28" status="PASS">
          <reporter-output>
          </reporter-output>
        </test-method> <!-- checkKeepInTouchSectionIsMinimisedOnMobile -->
        <test-method is-config="true" signature="quitDriver()[pri:0, instance:com.natasha.applitools.traditionalTests.traditionalTestV2.CrossDeviceElementTest@2aa5fe93]" started-at="2020-07-06T12:24:20 BST" name="quitDriver" finished-at="2020-07-06T12:24:20 BST" duration-ms="82" status="PASS">
          <reporter-output>
          </reporter-output>
        </test-method> <!-- quitDriver -->
        <test-method is-config="true" signature="openBrowser(java.lang.String, java.lang.String)[pri:0, instance:com.natasha.applitools.traditionalTests.traditionalTestV2.CrossDeviceElementTest@2aa5fe93]" started-at="2020-07-06T12:24:20 BST" name="openBrowser" finished-at="2020-07-06T12:24:23 BST" duration-ms="3176" status="PASS">
          <params>
            <param index="0">
              <value>
                <![CDATA[chrome-desktop]]>
              </value>
            </param>
            <param index="1">
              <value>
                <![CDATA[v2]]>
              </value>
            </param>
          </params>
          <reporter-output>
          </reporter-output>
        </test-method> <!-- openBrowser -->
        <test-method signature="checkMainMenuIsDisplayedOnDesktop()[pri:0, instance:com.natasha.applitools.traditionalTests.traditionalTestV2.CrossDeviceElementTest@2aa5fe93]" started-at="2020-07-06T12:24:23 BST" name="checkMainMenuIsDisplayedOnDesktop" finished-at="2020-07-06T12:24:23 BST" duration-ms="25" status="PASS">
          <reporter-output>
          </reporter-output>
        </test-method> <!-- checkMainMenuIsDisplayedOnDesktop -->
        <test-method is-config="true" signature="quitDriver()[pri:0, instance:com.natasha.applitools.traditionalTests.traditionalTestV2.CrossDeviceElementTest@2aa5fe93]" started-at="2020-07-06T12:24:23 BST" name="quitDriver" finished-at="2020-07-06T12:24:23 BST" duration-ms="88" status="PASS">
          <reporter-output>
          </reporter-output>
        </test-method> <!-- quitDriver -->
        <test-method is-config="true" signature="openBrowser(java.lang.String, java.lang.String)[pri:0, instance:com.natasha.applitools.traditionalTests.traditionalTestV2.CrossDeviceElementTest@2aa5fe93]" started-at="2020-07-06T12:24:23 BST" name="openBrowser" finished-at="2020-07-06T12:24:26 BST" duration-ms="3018" status="PASS">
          <params>
            <param index="0">
              <value>
                <![CDATA[chrome-desktop]]>
              </value>
            </param>
            <param index="1">
              <value>
                <![CDATA[v2]]>
              </value>
            </param>
          </params>
          <reporter-output>
          </reporter-output>
        </test-method> <!-- openBrowser -->
        <test-method signature="checkQuickLinksSectionIsMinimisedOnMobileScreen()[pri:0, instance:com.natasha.applitools.traditionalTests.traditionalTestV2.CrossDeviceElementTest@2aa5fe93]" started-at="2020-07-06T12:24:26 BST" name="checkQuickLinksSectionIsMinimisedOnMobileScreen" finished-at="2020-07-06T12:24:26 BST" duration-ms="25" status="PASS">
          <reporter-output>
          </reporter-output>
        </test-method> <!-- checkQuickLinksSectionIsMinimisedOnMobileScreen -->
        <test-method is-config="true" signature="quitDriver()[pri:0, instance:com.natasha.applitools.traditionalTests.traditionalTestV2.CrossDeviceElementTest@2aa5fe93]" started-at="2020-07-06T12:24:26 BST" name="quitDriver" finished-at="2020-07-06T12:24:26 BST" duration-ms="80" status="PASS">
          <reporter-output>
          </reporter-output>
        </test-method> <!-- quitDriver -->
        <test-method is-config="true" signature="openBrowser(java.lang.String, java.lang.String)[pri:0, instance:com.natasha.applitools.traditionalTests.traditionalTestV2.CrossDeviceElementTest@2aa5fe93]" started-at="2020-07-06T12:24:26 BST" name="openBrowser" finished-at="2020-07-06T12:24:30 BST" duration-ms="3385" status="PASS">
          <params>
            <param index="0">
              <value>
                <![CDATA[chrome-desktop]]>
              </value>
            </param>
            <param index="1">
              <value>
                <![CDATA[v2]]>
              </value>
            </param>
          </params>
          <reporter-output>
          </reporter-output>
        </test-method> <!-- openBrowser -->
        <test-method signature="checkSearchBarIsDisplayedOnDesktopAndTablet()[pri:0, instance:com.natasha.applitools.traditionalTests.traditionalTestV2.CrossDeviceElementTest@2aa5fe93]" started-at="2020-07-06T12:24:30 BST" name="checkSearchBarIsDisplayedOnDesktopAndTablet" finished-at="2020-07-06T12:24:30 BST" duration-ms="25" status="PASS">
          <reporter-output>
          </reporter-output>
        </test-method> <!-- checkSearchBarIsDisplayedOnDesktopAndTablet -->
        <test-method is-config="true" signature="quitDriver()[pri:0, instance:com.natasha.applitools.traditionalTests.traditionalTestV2.CrossDeviceElementTest@2aa5fe93]" started-at="2020-07-06T12:24:30 BST" name="quitDriver" finished-at="2020-07-06T12:24:30 BST" duration-ms="87" status="PASS">
          <reporter-output>
          </reporter-output>
        </test-method> <!-- quitDriver -->
        <test-method is-config="true" signature="openBrowser(java.lang.String, java.lang.String)[pri:0, instance:com.natasha.applitools.traditionalTests.traditionalTestV2.CrossDeviceElementTest@2aa5fe93]" started-at="2020-07-06T12:24:30 BST" name="openBrowser" finished-at="2020-07-06T12:24:33 BST" duration-ms="3796" status="PASS">
          <params>
            <param index="0">
              <value>
                <![CDATA[chrome-desktop]]>
              </value>
            </param>
            <param index="1">
              <value>
                <![CDATA[v2]]>
              </value>
            </param>
          </params>
          <reporter-output>
          </reporter-output>
        </test-method> <!-- openBrowser -->
        <test-method signature="checkSearchButtonIsDisplayedOnTabletAndMobile()[pri:0, instance:com.natasha.applitools.traditionalTests.traditionalTestV2.CrossDeviceElementTest@2aa5fe93]" started-at="2020-07-06T12:24:33 BST" name="checkSearchButtonIsDisplayedOnTabletAndMobile" finished-at="2020-07-06T12:24:33 BST" duration-ms="24" status="PASS">
          <reporter-output>
          </reporter-output>
        </test-method> <!-- checkSearchButtonIsDisplayedOnTabletAndMobile -->
        <test-method is-config="true" signature="quitDriver()[pri:0, instance:com.natasha.applitools.traditionalTests.traditionalTestV2.CrossDeviceElementTest@2aa5fe93]" started-at="2020-07-06T12:24:33 BST" name="quitDriver" finished-at="2020-07-06T12:24:34 BST" duration-ms="81" status="PASS">
          <reporter-output>
          </reporter-output>
        </test-method> <!-- quitDriver -->
        <test-method is-config="true" signature="openBrowser(java.lang.String, java.lang.String)[pri:0, instance:com.natasha.applitools.traditionalTests.traditionalTestV2.CrossDeviceElementTest@2aa5fe93]" started-at="2020-07-06T12:24:34 BST" name="openBrowser" finished-at="2020-07-06T12:24:37 BST" duration-ms="3899" status="PASS">
          <params>
            <param index="0">
              <value>
                <![CDATA[chrome-desktop]]>
              </value>
            </param>
            <param index="1">
              <value>
                <![CDATA[v2]]>
              </value>
            </param>
          </params>
          <reporter-output>
          </reporter-output>
        </test-method> <!-- openBrowser -->
        <test-method signature="checkViewByGridButtonIsDisplayedOnDesktop()[pri:0, instance:com.natasha.applitools.traditionalTests.traditionalTestV2.CrossDeviceElementTest@2aa5fe93]" started-at="2020-07-06T12:24:37 BST" name="checkViewByGridButtonIsDisplayedOnDesktop" finished-at="2020-07-06T12:24:37 BST" duration-ms="26" status="PASS">
          <reporter-output>
          </reporter-output>
        </test-method> <!-- checkViewByGridButtonIsDisplayedOnDesktop -->
        <test-method is-config="true" signature="quitDriver()[pri:0, instance:com.natasha.applitools.traditionalTests.traditionalTestV2.CrossDeviceElementTest@2aa5fe93]" started-at="2020-07-06T12:24:37 BST" name="quitDriver" finished-at="2020-07-06T12:24:38 BST" duration-ms="82" status="PASS">
          <reporter-output>
          </reporter-output>
        </test-method> <!-- quitDriver -->
        <test-method is-config="true" signature="openBrowser(java.lang.String, java.lang.String)[pri:0, instance:com.natasha.applitools.traditionalTests.traditionalTestV2.CrossDeviceElementTest@2aa5fe93]" started-at="2020-07-06T12:24:38 BST" name="openBrowser" finished-at="2020-07-06T12:24:41 BST" duration-ms="3159" status="PASS">
          <params>
            <param index="0">
              <value>
                <![CDATA[chrome-desktop]]>
              </value>
            </param>
            <param index="1">
              <value>
                <![CDATA[v2]]>
              </value>
            </param>
          </params>
          <reporter-output>
          </reporter-output>
        </test-method> <!-- openBrowser -->
        <test-method signature="checkViewByListButtonIsDisplayedOnDesktop()[pri:0, instance:com.natasha.applitools.traditionalTests.traditionalTestV2.CrossDeviceElementTest@2aa5fe93]" started-at="2020-07-06T12:24:41 BST" name="checkViewByListButtonIsDisplayedOnDesktop" finished-at="2020-07-06T12:24:41 BST" duration-ms="26" status="PASS">
          <reporter-output>
          </reporter-output>
        </test-method> <!-- checkViewByListButtonIsDisplayedOnDesktop -->
        <test-method is-config="true" signature="quitDriver()[pri:0, instance:com.natasha.applitools.traditionalTests.traditionalTestV2.CrossDeviceElementTest@2aa5fe93]" started-at="2020-07-06T12:24:41 BST" name="quitDriver" finished-at="2020-07-06T12:24:41 BST" duration-ms="80" status="PASS">
          <reporter-output>
          </reporter-output>
        </test-method> <!-- quitDriver -->
        <test-method is-config="true" signature="openBrowser(java.lang.String, java.lang.String)[pri:0, instance:com.natasha.applitools.traditionalTests.traditionalTestV2.CrossDeviceElementTest@2aa5fe93]" started-at="2020-07-06T12:24:41 BST" name="openBrowser" finished-at="2020-07-06T12:24:44 BST" duration-ms="3273" status="PASS">
          <params>
            <param index="0">
              <value>
                <![CDATA[chrome-desktop]]>
              </value>
            </param>
            <param index="1">
              <value>
                <![CDATA[v2]]>
              </value>
            </param>
          </params>
          <reporter-output>
          </reporter-output>
        </test-method> <!-- openBrowser -->
        <test-method signature="checkWishlistButtonIsDisplayedOnDesktop()[pri:0, instance:com.natasha.applitools.traditionalTests.traditionalTestV2.CrossDeviceElementTest@2aa5fe93]" started-at="2020-07-06T12:24:44 BST" name="checkWishlistButtonIsDisplayedOnDesktop" finished-at="2020-07-06T12:24:44 BST" duration-ms="23" status="PASS">
          <reporter-output>
          </reporter-output>
        </test-method> <!-- checkWishlistButtonIsDisplayedOnDesktop -->
        <test-method is-config="true" signature="quitDriver()[pri:0, instance:com.natasha.applitools.traditionalTests.traditionalTestV2.CrossDeviceElementTest@2aa5fe93]" started-at="2020-07-06T12:24:44 BST" name="quitDriver" finished-at="2020-07-06T12:24:44 BST" duration-ms="81" status="PASS">
          <reporter-output>
          </reporter-output>
        </test-method> <!-- quitDriver -->
      </class> <!-- com.natasha.applitools.traditionalTests.traditionalTestV2.CrossDeviceElementTest -->
      <class name="com.natasha.applitools.traditionalTests.traditionalTestV2.ProductDetailsTest">
        <test-method is-config="true" signature="openBrowser(java.lang.String, java.lang.String)[pri:0, instance:com.natasha.applitools.traditionalTests.traditionalTestV2.ProductDetailsTest@5ad851c9]" started-at="2020-07-06T12:24:48 BST" name="openBrowser" finished-at="2020-07-06T12:24:51 BST" duration-ms="3258" status="PASS">
          <params>
            <param index="0">
              <value>
                <![CDATA[chrome-desktop]]>
              </value>
            </param>
            <param index="1">
              <value>
                <![CDATA[v2]]>
              </value>
            </param>
          </params>
          <reporter-output>
          </reporter-output>
        </test-method> <!-- openBrowser -->
        <test-method signature="checkItemModelValueIsDisplayed()[pri:0, instance:com.natasha.applitools.traditionalTests.traditionalTestV2.ProductDetailsTest@5ad851c9]" started-at="2020-07-06T12:24:51 BST" name="checkItemModelValueIsDisplayed" finished-at="2020-07-06T12:24:52 BST" duration-ms="1006" status="PASS">
          <reporter-output>
          </reporter-output>
        </test-method> <!-- checkItemModelValueIsDisplayed -->
        <test-method is-config="true" signature="quitDriver()[pri:0, instance:com.natasha.applitools.traditionalTests.traditionalTestV2.ProductDetailsTest@5ad851c9]" started-at="2020-07-06T12:24:52 BST" name="quitDriver" finished-at="2020-07-06T12:24:52 BST" duration-ms="92" status="PASS">
          <reporter-output>
          </reporter-output>
        </test-method> <!-- quitDriver -->
        <test-method is-config="true" signature="openBrowser(java.lang.String, java.lang.String)[pri:0, instance:com.natasha.applitools.traditionalTests.traditionalTestV2.ProductDetailsTest@5ad851c9]" started-at="2020-07-06T12:24:52 BST" name="openBrowser" finished-at="2020-07-06T12:24:55 BST" duration-ms="2975" status="PASS">
          <params>
            <param index="0">
              <value>
                <![CDATA[chrome-desktop]]>
              </value>
            </param>
            <param index="1">
              <value>
                <![CDATA[v2]]>
              </value>
            </param>
          </params>
          <reporter-output>
          </reporter-output>
        </test-method> <!-- openBrowser -->
        <test-method signature="checkNewPriceHasDecimals()[pri:0, instance:com.natasha.applitools.traditionalTests.traditionalTestV2.ProductDetailsTest@5ad851c9]" started-at="2020-07-06T12:24:55 BST" name="checkNewPriceHasDecimals" finished-at="2020-07-06T12:24:56 BST" duration-ms="981" status="FAIL">
          <exception class="java.lang.AssertionError">
            <message>
              <![CDATA[expected [true] but found [false]]]>
            </message>
            <full-stacktrace>
              <![CDATA[java.lang.AssertionError: expected [true] but found [false]
at org.testng.Assert.fail(Assert.java:97)
at org.testng.Assert.failNotEquals(Assert.java:969)
at org.testng.Assert.assertTrue(Assert.java:43)
at org.testng.Assert.assertTrue(Assert.java:53)
at com.natasha.applitools.traditionalTests.BaseTest.checkText(BaseTest.kt:152)
at com.natasha.applitools.traditionalTests.traditionalTestV2.ProductDetailsTest.checkNewPriceHasDecimals(ProductDetailsTest.kt:32)
at java.base/jdk.internal.reflect.NativeMethodAccessorImpl.invoke0(Native Method)
at java.base/jdk.internal.reflect.NativeMethodAccessorImpl.invoke(NativeMethodAccessorImpl.java:62)
at java.base/jdk.internal.reflect.DelegatingMethodAccessorImpl.invoke(DelegatingMethodAccessorImpl.java:43)
at java.base/java.lang.reflect.Method.invoke(Method.java:567)
at org.testng.internal.MethodInvocationHelper.invokeMethod(MethodInvocationHelper.java:134)
at org.testng.internal.TestInvoker.invokeMethod(TestInvoker.java:597)
at org.testng.internal.TestInvoker.invokeTestMethod(TestInvoker.java:173)
at org.testng.internal.MethodRunner.runInSequence(MethodRunner.java:46)
at org.testng.internal.TestInvoker$MethodInvocationAgent.invoke(TestInvoker.java:816)
at org.testng.internal.TestInvoker.invokeTestMethods(TestInvoker.java:146)
at org.testng.internal.TestMethodWorker.invokeTestMethods(TestMethodWorker.java:146)
at org.testng.internal.TestMethodWorker.run(TestMethodWorker.java:128)
at java.base/java.util.ArrayList.forEach(ArrayList.java:1507)
at org.testng.TestRunner.privateRun(TestRunner.java:766)
at org.testng.TestRunner.run(TestRunner.java:587)
at org.testng.SuiteRunner.runTest(SuiteRunner.java:384)
at org.testng.SuiteRunner.runSequentially(SuiteRunner.java:378)
at org.testng.SuiteRunner.privateRun(SuiteRunner.java:337)
at org.testng.SuiteRunner.run(SuiteRunner.java:286)
at org.testng.SuiteRunnerWorker.runSuite(SuiteRunnerWorker.java:53)
at org.testng.SuiteRunnerWorker.run(SuiteRunnerWorker.java:96)
at org.testng.TestNG.runSuitesSequentially(TestNG.java:1187)
at org.testng.TestNG.runSuitesLocally(TestNG.java:1109)
at org.testng.TestNG.runSuites(TestNG.java:1039)
at org.testng.TestNG.run(TestNG.java:1007)
at org.apache.maven.surefire.testng.TestNGExecutor.run(TestNGExecutor.java:283)
at org.apache.maven.surefire.testng.TestNGXmlTestSuite.execute(TestNGXmlTestSuite.java:75)
at org.apache.maven.surefire.testng.TestNGProvider.invoke(TestNGProvider.java:120)
at org.apache.maven.surefire.booter.ForkedBooter.runSuitesInProcess(ForkedBooter.java:377)
at org.apache.maven.surefire.booter.ForkedBooter.execute(ForkedBooter.java:138)
at org.apache.maven.surefire.booter.ForkedBooter.run(ForkedBooter.java:465)
at org.apache.maven.surefire.booter.ForkedBooter.main(ForkedBooter.java:451)
]]>
            </full-stacktrace>
          </exception> <!-- java.lang.AssertionError -->
          <reporter-output>
          </reporter-output>
        </test-method> <!-- checkNewPriceHasDecimals -->
        <test-method is-config="true" signature="quitDriver()[pri:0, instance:com.natasha.applitools.traditionalTests.traditionalTestV2.ProductDetailsTest@5ad851c9]" started-at="2020-07-06T12:24:56 BST" name="quitDriver" finished-at="2020-07-06T12:24:56 BST" duration-ms="81" status="PASS">
          <reporter-output>
          </reporter-output>
        </test-method> <!-- quitDriver -->
        <test-method is-config="true" signature="openBrowser(java.lang.String, java.lang.String)[pri:0, instance:com.natasha.applitools.traditionalTests.traditionalTestV2.ProductDetailsTest@5ad851c9]" started-at="2020-07-06T12:24:56 BST" name="openBrowser" finished-at="2020-07-06T12:24:59 BST" duration-ms="3015" status="PASS">
          <params>
            <param index="0">
              <value>
                <![CDATA[chrome-desktop]]>
              </value>
            </param>
            <param index="1">
              <value>
                <![CDATA[v2]]>
              </value>
            </param>
          </params>
          <reporter-output>
          </reporter-output>
        </test-method> <!-- openBrowser -->
        <test-method signature="checkOldPriceHasCssValueLineThrough()[pri:0, instance:com.natasha.applitools.traditionalTests.traditionalTestV2.ProductDetailsTest@5ad851c9]" started-at="2020-07-06T12:24:59 BST" name="checkOldPriceHasCssValueLineThrough" finished-at="2020-07-06T12:25:00 BST" duration-ms="1043" status="PASS">
          <reporter-output>
          </reporter-output>
        </test-method> <!-- checkOldPriceHasCssValueLineThrough -->
        <test-method is-config="true" signature="quitDriver()[pri:0, instance:com.natasha.applitools.traditionalTests.traditionalTestV2.ProductDetailsTest@5ad851c9]" started-at="2020-07-06T12:25:00 BST" name="quitDriver" finished-at="2020-07-06T12:25:00 BST" duration-ms="85" status="PASS">
          <reporter-output>
          </reporter-output>
        </test-method> <!-- quitDriver -->
        <test-method is-config="true" signature="openBrowser(java.lang.String, java.lang.String)[pri:0, instance:com.natasha.applitools.traditionalTests.traditionalTestV2.ProductDetailsTest@5ad851c9]" started-at="2020-07-06T12:25:00 BST" name="openBrowser" finished-at="2020-07-06T12:25:03 BST" duration-ms="2882" status="PASS">
          <params>
            <param index="0">
              <value>
                <![CDATA[chrome-desktop]]>
              </value>
            </param>
            <param index="1">
              <value>
                <![CDATA[v2]]>
              </value>
            </param>
          </params>
          <reporter-output>
          </reporter-output>
        </test-method> <!-- openBrowser -->
        <test-method signature="checkSizeSmallValueEqualsSmallS()[pri:0, instance:com.natasha.applitools.traditionalTests.traditionalTestV2.ProductDetailsTest@5ad851c9]" started-at="2020-07-06T12:25:03 BST" name="checkSizeSmallValueEqualsSmallS" finished-at="2020-07-06T12:25:04 BST" duration-ms="1017" status="FAIL">
          <exception class="java.lang.AssertionError">
            <message>
              <![CDATA[expected [true] but found [false]]]>
            </message>
            <full-stacktrace>
              <![CDATA[java.lang.AssertionError: expected [true] but found [false]
at org.testng.Assert.fail(Assert.java:97)
at org.testng.Assert.failNotEquals(Assert.java:969)
at org.testng.Assert.assertTrue(Assert.java:43)
at org.testng.Assert.assertTrue(Assert.java:53)
at com.natasha.applitools.traditionalTests.BaseTest.checkText(BaseTest.kt:152)
at com.natasha.applitools.traditionalTests.traditionalTestV2.ProductDetailsTest.checkSizeSmallValueEqualsSmallS(ProductDetailsTest.kt:23)
at java.base/jdk.internal.reflect.NativeMethodAccessorImpl.invoke0(Native Method)
at java.base/jdk.internal.reflect.NativeMethodAccessorImpl.invoke(NativeMethodAccessorImpl.java:62)
at java.base/jdk.internal.reflect.DelegatingMethodAccessorImpl.invoke(DelegatingMethodAccessorImpl.java:43)
at java.base/java.lang.reflect.Method.invoke(Method.java:567)
at org.testng.internal.MethodInvocationHelper.invokeMethod(MethodInvocationHelper.java:134)
at org.testng.internal.TestInvoker.invokeMethod(TestInvoker.java:597)
at org.testng.internal.TestInvoker.invokeTestMethod(TestInvoker.java:173)
at org.testng.internal.MethodRunner.runInSequence(MethodRunner.java:46)
at org.testng.internal.TestInvoker$MethodInvocationAgent.invoke(TestInvoker.java:816)
at org.testng.internal.TestInvoker.invokeTestMethods(TestInvoker.java:146)
at org.testng.internal.TestMethodWorker.invokeTestMethods(TestMethodWorker.java:146)
at org.testng.internal.TestMethodWorker.run(TestMethodWorker.java:128)
at java.base/java.util.ArrayList.forEach(ArrayList.java:1507)
at org.testng.TestRunner.privateRun(TestRunner.java:766)
at org.testng.TestRunner.run(TestRunner.java:587)
at org.testng.SuiteRunner.runTest(SuiteRunner.java:384)
at org.testng.SuiteRunner.runSequentially(SuiteRunner.java:378)
at org.testng.SuiteRunner.privateRun(SuiteRunner.java:337)
at org.testng.SuiteRunner.run(SuiteRunner.java:286)
at org.testng.SuiteRunnerWorker.runSuite(SuiteRunnerWorker.java:53)
at org.testng.SuiteRunnerWorker.run(SuiteRunnerWorker.java:96)
at org.testng.TestNG.runSuitesSequentially(TestNG.java:1187)
at org.testng.TestNG.runSuitesLocally(TestNG.java:1109)
at org.testng.TestNG.runSuites(TestNG.java:1039)
at org.testng.TestNG.run(TestNG.java:1007)
at org.apache.maven.surefire.testng.TestNGExecutor.run(TestNGExecutor.java:283)
at org.apache.maven.surefire.testng.TestNGXmlTestSuite.execute(TestNGXmlTestSuite.java:75)
at org.apache.maven.surefire.testng.TestNGProvider.invoke(TestNGProvider.java:120)
at org.apache.maven.surefire.booter.ForkedBooter.runSuitesInProcess(ForkedBooter.java:377)
at org.apache.maven.surefire.booter.ForkedBooter.execute(ForkedBooter.java:138)
at org.apache.maven.surefire.booter.ForkedBooter.run(ForkedBooter.java:465)
at org.apache.maven.surefire.booter.ForkedBooter.main(ForkedBooter.java:451)
]]>
            </full-stacktrace>
          </exception> <!-- java.lang.AssertionError -->
          <reporter-output>
          </reporter-output>
        </test-method> <!-- checkSizeSmallValueEqualsSmallS -->
        <test-method is-config="true" signature="quitDriver()[pri:0, instance:com.natasha.applitools.traditionalTests.traditionalTestV2.ProductDetailsTest@5ad851c9]" started-at="2020-07-06T12:25:04 BST" name="quitDriver" finished-at="2020-07-06T12:25:04 BST" duration-ms="82" status="PASS">
          <reporter-output>
          </reporter-output>
        </test-method> <!-- quitDriver -->
      </class> <!-- com.natasha.applitools.traditionalTests.traditionalTestV2.ProductDetailsTest -->
    </test> <!-- ChromeDesktopTest -->
    <test started-at="2020-07-06T12:25:04 BST" name="ChromeTabletTest" finished-at="2020-07-06T12:26:21 BST" duration-ms="76710">
      <class name="com.natasha.applitools.traditionalTests.traditionalTestV2.ShoppingExperienceTest">
        <test-method is-config="true" signature="openBrowser(java.lang.String, java.lang.String)[pri:0, instance:com.natasha.applitools.traditionalTests.traditionalTestV2.ShoppingExperienceTest@78dd667e]" started-at="2020-07-06T12:25:56 BST" name="openBrowser" finished-at="2020-07-06T12:26:00 BST" duration-ms="3343" status="PASS">
          <params>
            <param index="0">
              <value>
                <![CDATA[chrome-tablet]]>
              </value>
            </param>
            <param index="1">
              <value>
                <![CDATA[v2]]>
              </value>
            </param>
          </params>
          <reporter-output>
          </reporter-output>
        </test-method> <!-- openBrowser -->
        <test-method signature="checkTwoBlackShoesAreDisplayedWhenFilteredByColourBlack()[pri:0, instance:com.natasha.applitools.traditionalTests.traditionalTestV2.ShoppingExperienceTest@78dd667e]" started-at="2020-07-06T12:26:00 BST" name="checkTwoBlackShoesAreDisplayedWhenFilteredByColourBlack" finished-at="2020-07-06T12:26:01 BST" duration-ms="747" status="FAIL">
          <exception class="java.lang.AssertionError">
            <message>
              <![CDATA[expected [true] but found [false]]]>
            </message>
            <full-stacktrace>
              <![CDATA[java.lang.AssertionError: expected [true] but found [false]
at org.testng.Assert.fail(Assert.java:97)
at org.testng.Assert.failNotEquals(Assert.java:969)
at org.testng.Assert.assertTrue(Assert.java:43)
at org.testng.Assert.assertTrue(Assert.java:53)
at com.natasha.applitools.traditionalTests.BaseTest.checkNumberOfElementsDisplayed(BaseTest.kt:142)
at com.natasha.applitools.traditionalTests.traditionalTestV2.ShoppingExperienceTest.checkTwoBlackShoesAreDisplayedWhenFilteredByColourBlack(ShoppingExperienceTest.kt:14)
at java.base/jdk.internal.reflect.NativeMethodAccessorImpl.invoke0(Native Method)
at java.base/jdk.internal.reflect.NativeMethodAccessorImpl.invoke(NativeMethodAccessorImpl.java:62)
at java.base/jdk.internal.reflect.DelegatingMethodAccessorImpl.invoke(DelegatingMethodAccessorImpl.java:43)
at java.base/java.lang.reflect.Method.invoke(Method.java:567)
at org.testng.internal.MethodInvocationHelper.invokeMethod(MethodInvocationHelper.java:134)
at org.testng.internal.TestInvoker.invokeMethod(TestInvoker.java:597)
at org.testng.internal.TestInvoker.invokeTestMethod(TestInvoker.java:173)
at org.testng.internal.MethodRunner.runInSequence(MethodRunner.java:46)
at org.testng.internal.TestInvoker$MethodInvocationAgent.invoke(TestInvoker.java:816)
at org.testng.internal.TestInvoker.invokeTestMethods(TestInvoker.java:146)
at org.testng.internal.TestMethodWorker.invokeTestMethods(TestMethodWorker.java:146)
at org.testng.internal.TestMethodWorker.run(TestMethodWorker.java:128)
at java.base/java.util.ArrayList.forEach(ArrayList.java:1507)
at org.testng.TestRunner.privateRun(TestRunner.java:766)
at org.testng.TestRunner.run(TestRunner.java:587)
at org.testng.SuiteRunner.runTest(SuiteRunner.java:384)
at org.testng.SuiteRunner.runSequentially(SuiteRunner.java:378)
at org.testng.SuiteRunner.privateRun(SuiteRunner.java:337)
at org.testng.SuiteRunner.run(SuiteRunner.java:286)
at org.testng.SuiteRunnerWorker.runSuite(SuiteRunnerWorker.java:53)
at org.testng.SuiteRunnerWorker.run(SuiteRunnerWorker.java:96)
at org.testng.TestNG.runSuitesSequentially(TestNG.java:1187)
at org.testng.TestNG.runSuitesLocally(TestNG.java:1109)
at org.testng.TestNG.runSuites(TestNG.java:1039)
at org.testng.TestNG.run(TestNG.java:1007)
at org.apache.maven.surefire.testng.TestNGExecutor.run(TestNGExecutor.java:283)
at org.apache.maven.surefire.testng.TestNGXmlTestSuite.execute(TestNGXmlTestSuite.java:75)
at org.apache.maven.surefire.testng.TestNGProvider.invoke(TestNGProvider.java:120)
at org.apache.maven.surefire.booter.ForkedBooter.runSuitesInProcess(ForkedBooter.java:377)
at org.apache.maven.surefire.booter.ForkedBooter.execute(ForkedBooter.java:138)
at org.apache.maven.surefire.booter.ForkedBooter.run(ForkedBooter.java:465)
at org.apache.maven.surefire.booter.ForkedBooter.main(ForkedBooter.java:451)
]]>
            </full-stacktrace>
          </exception> <!-- java.lang.AssertionError -->
          <reporter-output>
          </reporter-output>
        </test-method> <!-- checkTwoBlackShoesAreDisplayedWhenFilteredByColourBlack -->
        <test-method is-config="true" signature="quitDriver()[pri:0, instance:com.natasha.applitools.traditionalTests.traditionalTestV2.ShoppingExperienceTest@78dd667e]" started-at="2020-07-06T12:26:01 BST" name="quitDriver" finished-at="2020-07-06T12:26:01 BST" duration-ms="83" status="PASS">
          <reporter-output>
          </reporter-output>
        </test-method> <!-- quitDriver -->
      </class> <!-- com.natasha.applitools.traditionalTests.traditionalTestV2.ShoppingExperienceTest -->
      <class name="com.natasha.applitools.traditionalTests.traditionalTestV2.CrossDeviceElementTest">
        <test-method is-config="true" signature="openBrowser(java.lang.String, java.lang.String)[pri:0, instance:com.natasha.applitools.traditionalTests.traditionalTestV2.CrossDeviceElementTest@1d76aeea]" started-at="2020-07-06T12:25:04 BST" name="openBrowser" finished-at="2020-07-06T12:25:07 BST" duration-ms="3243" status="PASS">
          <params>
            <param index="0">
              <value>
                <![CDATA[chrome-tablet]]>
              </value>
            </param>
            <param index="1">
              <value>
                <![CDATA[v2]]>
              </value>
            </param>
          </params>
          <reporter-output>
          </reporter-output>
        </test-method> <!-- openBrowser -->
        <test-method signature="checkAddToCartButtonIsDisplayedOnTabletAndMobile()[pri:0, instance:com.natasha.applitools.traditionalTests.traditionalTestV2.CrossDeviceElementTest@1d76aeea]" started-at="2020-07-06T12:25:07 BST" name="checkAddToCartButtonIsDisplayedOnTabletAndMobile" finished-at="2020-07-06T12:25:08 BST" duration-ms="13" status="FAIL">
          <exception class="java.lang.AssertionError">
            <message>
              <![CDATA[expected [true] but found [false]]]>
            </message>
            <full-stacktrace>
              <![CDATA[java.lang.AssertionError: expected [true] but found [false]
at org.testng.Assert.fail(Assert.java:97)
at org.testng.Assert.failNotEquals(Assert.java:969)
at org.testng.Assert.assertTrue(Assert.java:43)
at org.testng.Assert.assertTrue(Assert.java:53)
at com.natasha.applitools.traditionalTests.BaseTest.checkIsDisplayed(BaseTest.kt:124)
at com.natasha.applitools.traditionalTests.traditionalTestV2.CrossDeviceElementTest.checkAddToCartButtonIsDisplayedOnTabletAndMobile(CrossDeviceElementTest.kt:173)
at java.base/jdk.internal.reflect.NativeMethodAccessorImpl.invoke0(Native Method)
at java.base/jdk.internal.reflect.NativeMethodAccessorImpl.invoke(NativeMethodAccessorImpl.java:62)
at java.base/jdk.internal.reflect.DelegatingMethodAccessorImpl.invoke(DelegatingMethodAccessorImpl.java:43)
at java.base/java.lang.reflect.Method.invoke(Method.java:567)
at org.testng.internal.MethodInvocationHelper.invokeMethod(MethodInvocationHelper.java:134)
at org.testng.internal.TestInvoker.invokeMethod(TestInvoker.java:597)
at org.testng.internal.TestInvoker.invokeTestMethod(TestInvoker.java:173)
at org.testng.internal.MethodRunner.runInSequence(MethodRunner.java:46)
at org.testng.internal.TestInvoker$MethodInvocationAgent.invoke(TestInvoker.java:816)
at org.testng.internal.TestInvoker.invokeTestMethods(TestInvoker.java:146)
at org.testng.internal.TestMethodWorker.invokeTestMethods(TestMethodWorker.java:146)
at org.testng.internal.TestMethodWorker.run(TestMethodWorker.java:128)
at java.base/java.util.ArrayList.forEach(ArrayList.java:1507)
at org.testng.TestRunner.privateRun(TestRunner.java:766)
at org.testng.TestRunner.run(TestRunner.java:587)
at org.testng.SuiteRunner.runTest(SuiteRunner.java:384)
at org.testng.SuiteRunner.runSequentially(SuiteRunner.java:378)
at org.testng.SuiteRunner.privateRun(SuiteRunner.java:337)
at org.testng.SuiteRunner.run(SuiteRunner.java:286)
at org.testng.SuiteRunnerWorker.runSuite(SuiteRunnerWorker.java:53)
at org.testng.SuiteRunnerWorker.run(SuiteRunnerWorker.java:96)
at org.testng.TestNG.runSuitesSequentially(TestNG.java:1187)
at org.testng.TestNG.runSuitesLocally(TestNG.java:1109)
at org.testng.TestNG.runSuites(TestNG.java:1039)
at org.testng.TestNG.run(TestNG.java:1007)
at org.apache.maven.surefire.testng.TestNGExecutor.run(TestNGExecutor.java:283)
at org.apache.maven.surefire.testng.TestNGXmlTestSuite.execute(TestNGXmlTestSuite.java:75)
at org.apache.maven.surefire.testng.TestNGProvider.invoke(TestNGProvider.java:120)
at org.apache.maven.surefire.booter.ForkedBooter.runSuitesInProcess(ForkedBooter.java:377)
at org.apache.maven.surefire.booter.ForkedBooter.execute(ForkedBooter.java:138)
at org.apache.maven.surefire.booter.ForkedBooter.run(ForkedBooter.java:465)
at org.apache.maven.surefire.booter.ForkedBooter.main(ForkedBooter.java:451)
]]>
            </full-stacktrace>
          </exception> <!-- java.lang.AssertionError -->
          <reporter-output>
          </reporter-output>
        </test-method> <!-- checkAddToCartButtonIsDisplayedOnTabletAndMobile -->
        <test-method is-config="true" signature="quitDriver()[pri:0, instance:com.natasha.applitools.traditionalTests.traditionalTestV2.CrossDeviceElementTest@1d76aeea]" started-at="2020-07-06T12:25:08 BST" name="quitDriver" finished-at="2020-07-06T12:25:08 BST" duration-ms="87" status="PASS">
          <reporter-output>
          </reporter-output>
        </test-method> <!-- quitDriver -->
        <test-method is-config="true" signature="openBrowser(java.lang.String, java.lang.String)[pri:0, instance:com.natasha.applitools.traditionalTests.traditionalTestV2.CrossDeviceElementTest@1d76aeea]" started-at="2020-07-06T12:25:08 BST" name="openBrowser" finished-at="2020-07-06T12:25:11 BST" duration-ms="3252" status="PASS">
          <params>
            <param index="0">
              <value>
                <![CDATA[chrome-tablet]]>
              </value>
            </param>
            <param index="1">
              <value>
                <![CDATA[v2]]>
              </value>
            </param>
          </params>
          <reporter-output>
          </reporter-output>
        </test-method> <!-- openBrowser -->
        <test-method signature="checkAddToCompareButtonIsDisplayedOnTabletAndMobile()[pri:0, instance:com.natasha.applitools.traditionalTests.traditionalTestV2.CrossDeviceElementTest@1d76aeea]" started-at="2020-07-06T12:25:11 BST" name="checkAddToCompareButtonIsDisplayedOnTabletAndMobile" finished-at="2020-07-06T12:25:11 BST" duration-ms="13" status="FAIL">
          <exception class="java.lang.AssertionError">
            <message>
              <![CDATA[expected [true] but found [false]]]>
            </message>
            <full-stacktrace>
              <![CDATA[java.lang.AssertionError: expected [true] but found [false]
at org.testng.Assert.fail(Assert.java:97)
at org.testng.Assert.failNotEquals(Assert.java:969)
at org.testng.Assert.assertTrue(Assert.java:43)
at org.testng.Assert.assertTrue(Assert.java:53)
at com.natasha.applitools.traditionalTests.BaseTest.checkIsDisplayed(BaseTest.kt:124)
at com.natasha.applitools.traditionalTests.traditionalTestV2.CrossDeviceElementTest.checkAddToCompareButtonIsDisplayedOnTabletAndMobile(CrossDeviceElementTest.kt:160)
at java.base/jdk.internal.reflect.NativeMethodAccessorImpl.invoke0(Native Method)
at java.base/jdk.internal.reflect.NativeMethodAccessorImpl.invoke(NativeMethodAccessorImpl.java:62)
at java.base/jdk.internal.reflect.DelegatingMethodAccessorImpl.invoke(DelegatingMethodAccessorImpl.java:43)
at java.base/java.lang.reflect.Method.invoke(Method.java:567)
at org.testng.internal.MethodInvocationHelper.invokeMethod(MethodInvocationHelper.java:134)
at org.testng.internal.TestInvoker.invokeMethod(TestInvoker.java:597)
at org.testng.internal.TestInvoker.invokeTestMethod(TestInvoker.java:173)
at org.testng.internal.MethodRunner.runInSequence(MethodRunner.java:46)
at org.testng.internal.TestInvoker$MethodInvocationAgent.invoke(TestInvoker.java:816)
at org.testng.internal.TestInvoker.invokeTestMethods(TestInvoker.java:146)
at org.testng.internal.TestMethodWorker.invokeTestMethods(TestMethodWorker.java:146)
at org.testng.internal.TestMethodWorker.run(TestMethodWorker.java:128)
at java.base/java.util.ArrayList.forEach(ArrayList.java:1507)
at org.testng.TestRunner.privateRun(TestRunner.java:766)
at org.testng.TestRunner.run(TestRunner.java:587)
at org.testng.SuiteRunner.runTest(SuiteRunner.java:384)
at org.testng.SuiteRunner.runSequentially(SuiteRunner.java:378)
at org.testng.SuiteRunner.privateRun(SuiteRunner.java:337)
at org.testng.SuiteRunner.run(SuiteRunner.java:286)
at org.testng.SuiteRunnerWorker.runSuite(SuiteRunnerWorker.java:53)
at org.testng.SuiteRunnerWorker.run(SuiteRunnerWorker.java:96)
at org.testng.TestNG.runSuitesSequentially(TestNG.java:1187)
at org.testng.TestNG.runSuitesLocally(TestNG.java:1109)
at org.testng.TestNG.runSuites(TestNG.java:1039)
at org.testng.TestNG.run(TestNG.java:1007)
at org.apache.maven.surefire.testng.TestNGExecutor.run(TestNGExecutor.java:283)
at org.apache.maven.surefire.testng.TestNGXmlTestSuite.execute(TestNGXmlTestSuite.java:75)
at org.apache.maven.surefire.testng.TestNGProvider.invoke(TestNGProvider.java:120)
at org.apache.maven.surefire.booter.ForkedBooter.runSuitesInProcess(ForkedBooter.java:377)
at org.apache.maven.surefire.booter.ForkedBooter.execute(ForkedBooter.java:138)
at org.apache.maven.surefire.booter.ForkedBooter.run(ForkedBooter.java:465)
at org.apache.maven.surefire.booter.ForkedBooter.main(ForkedBooter.java:451)
]]>
            </full-stacktrace>
          </exception> <!-- java.lang.AssertionError -->
          <reporter-output>
          </reporter-output>
        </test-method> <!-- checkAddToCompareButtonIsDisplayedOnTabletAndMobile -->
        <test-method is-config="true" signature="quitDriver()[pri:0, instance:com.natasha.applitools.traditionalTests.traditionalTestV2.CrossDeviceElementTest@1d76aeea]" started-at="2020-07-06T12:25:11 BST" name="quitDriver" finished-at="2020-07-06T12:25:11 BST" duration-ms="83" status="PASS">
          <reporter-output>
          </reporter-output>
        </test-method> <!-- quitDriver -->
        <test-method is-config="true" signature="openBrowser(java.lang.String, java.lang.String)[pri:0, instance:com.natasha.applitools.traditionalTests.traditionalTestV2.CrossDeviceElementTest@1d76aeea]" started-at="2020-07-06T12:25:11 BST" name="openBrowser" finished-at="2020-07-06T12:25:14 BST" duration-ms="3043" status="PASS">
          <params>
            <param index="0">
              <value>
                <![CDATA[chrome-tablet]]>
              </value>
            </param>
            <param index="1">
              <value>
                <![CDATA[v2]]>
              </value>
            </param>
          </params>
          <reporter-output>
          </reporter-output>
        </test-method> <!-- openBrowser -->
        <test-method signature="checkAddToFavoriteButtonIsDisplayedOnTabletAndMobile()[pri:0, instance:com.natasha.applitools.traditionalTests.traditionalTestV2.CrossDeviceElementTest@1d76aeea]" started-at="2020-07-06T12:25:14 BST" name="checkAddToFavoriteButtonIsDisplayedOnTabletAndMobile" finished-at="2020-07-06T12:25:14 BST" duration-ms="12" status="FAIL">
          <exception class="java.lang.AssertionError">
            <message>
              <![CDATA[expected [true] but found [false]]]>
            </message>
            <full-stacktrace>
              <![CDATA[java.lang.AssertionError: expected [true] but found [false]
at org.testng.Assert.fail(Assert.java:97)
at org.testng.Assert.failNotEquals(Assert.java:969)
at org.testng.Assert.assertTrue(Assert.java:43)
at org.testng.Assert.assertTrue(Assert.java:53)
at com.natasha.applitools.traditionalTests.BaseTest.checkIsDisplayed(BaseTest.kt:124)
at com.natasha.applitools.traditionalTests.traditionalTestV2.CrossDeviceElementTest.checkAddToFavoriteButtonIsDisplayedOnTabletAndMobile(CrossDeviceElementTest.kt:147)
at java.base/jdk.internal.reflect.NativeMethodAccessorImpl.invoke0(Native Method)
at java.base/jdk.internal.reflect.NativeMethodAccessorImpl.invoke(NativeMethodAccessorImpl.java:62)
at java.base/jdk.internal.reflect.DelegatingMethodAccessorImpl.invoke(DelegatingMethodAccessorImpl.java:43)
at java.base/java.lang.reflect.Method.invoke(Method.java:567)
at org.testng.internal.MethodInvocationHelper.invokeMethod(MethodInvocationHelper.java:134)
at org.testng.internal.TestInvoker.invokeMethod(TestInvoker.java:597)
at org.testng.internal.TestInvoker.invokeTestMethod(TestInvoker.java:173)
at org.testng.internal.MethodRunner.runInSequence(MethodRunner.java:46)
at org.testng.internal.TestInvoker$MethodInvocationAgent.invoke(TestInvoker.java:816)
at org.testng.internal.TestInvoker.invokeTestMethods(TestInvoker.java:146)
at org.testng.internal.TestMethodWorker.invokeTestMethods(TestMethodWorker.java:146)
at org.testng.internal.TestMethodWorker.run(TestMethodWorker.java:128)
at java.base/java.util.ArrayList.forEach(ArrayList.java:1507)
at org.testng.TestRunner.privateRun(TestRunner.java:766)
at org.testng.TestRunner.run(TestRunner.java:587)
at org.testng.SuiteRunner.runTest(SuiteRunner.java:384)
at org.testng.SuiteRunner.runSequentially(SuiteRunner.java:378)
at org.testng.SuiteRunner.privateRun(SuiteRunner.java:337)
at org.testng.SuiteRunner.run(SuiteRunner.java:286)
at org.testng.SuiteRunnerWorker.runSuite(SuiteRunnerWorker.java:53)
at org.testng.SuiteRunnerWorker.run(SuiteRunnerWorker.java:96)
at org.testng.TestNG.runSuitesSequentially(TestNG.java:1187)
at org.testng.TestNG.runSuitesLocally(TestNG.java:1109)
at org.testng.TestNG.runSuites(TestNG.java:1039)
at org.testng.TestNG.run(TestNG.java:1007)
at org.apache.maven.surefire.testng.TestNGExecutor.run(TestNGExecutor.java:283)
at org.apache.maven.surefire.testng.TestNGXmlTestSuite.execute(TestNGXmlTestSuite.java:75)
at org.apache.maven.surefire.testng.TestNGProvider.invoke(TestNGProvider.java:120)
at org.apache.maven.surefire.booter.ForkedBooter.runSuitesInProcess(ForkedBooter.java:377)
at org.apache.maven.surefire.booter.ForkedBooter.execute(ForkedBooter.java:138)
at org.apache.maven.surefire.booter.ForkedBooter.run(ForkedBooter.java:465)
at org.apache.maven.surefire.booter.ForkedBooter.main(ForkedBooter.java:451)
]]>
            </full-stacktrace>
          </exception> <!-- java.lang.AssertionError -->
          <reporter-output>
          </reporter-output>
        </test-method> <!-- checkAddToFavoriteButtonIsDisplayedOnTabletAndMobile -->
        <test-method is-config="true" signature="quitDriver()[pri:0, instance:com.natasha.applitools.traditionalTests.traditionalTestV2.CrossDeviceElementTest@1d76aeea]" started-at="2020-07-06T12:25:14 BST" name="quitDriver" finished-at="2020-07-06T12:25:14 BST" duration-ms="81" status="PASS">
          <reporter-output>
          </reporter-output>
        </test-method> <!-- quitDriver -->
        <test-method is-config="true" signature="openBrowser(java.lang.String, java.lang.String)[pri:0, instance:com.natasha.applitools.traditionalTests.traditionalTestV2.CrossDeviceElementTest@1d76aeea]" started-at="2020-07-06T12:25:14 BST" name="openBrowser" finished-at="2020-07-06T12:25:17 BST" duration-ms="2956" status="PASS">
          <params>
            <param index="0">
              <value>
                <![CDATA[chrome-tablet]]>
              </value>
            </param>
            <param index="1">
              <value>
                <![CDATA[v2]]>
              </value>
            </param>
          </params>
          <reporter-output>
          </reporter-output>
        </test-method> <!-- openBrowser -->
[...]
          <reporter-output>
          </reporter-output>
        </test-method> <!-- checkSearchBarIsDisplayedOnDesktopAndTablet -->
        <test-method is-config="true" signature="quitDriver()[pri:0, instance:com.natasha.applitools.traditionalTests.traditionalTestV2.CrossDeviceElementTest@7f1302d6]" started-at="2020-07-06T12:32:14 BST" name="quitDriver" finished-at="2020-07-06T12:32:14 BST" duration-ms="94" status="PASS">
          <reporter-output>
          </reporter-output>
        </test-method> <!-- quitDriver -->
        <test-method is-config="true" signature="openBrowser(java.lang.String, java.lang.String)[pri:0, instance:com.natasha.applitools.traditionalTests.traditionalTestV2.CrossDeviceElementTest@7f1302d6]" started-at="2020-07-06T12:32:14 BST" name="openBrowser" finished-at="2020-07-06T12:32:16 BST" duration-ms="2278" status="PASS">
          <params>
            <param index="0">
              <value>
                <![CDATA[edge-desktop]]>
              </value>
            </param>
            <param index="1">
              <value>
                <![CDATA[v2]]>
              </value>
            </param>
          </params>
          <reporter-output>
          </reporter-output>
        </test-method> <!-- openBrowser -->
        <test-method signature="checkSearchButtonIsDisplayedOnTabletAndMobile()[pri:0, instance:com.natasha.applitools.traditionalTests.traditionalTestV2.CrossDeviceElementTest@7f1302d6]" started-at="2020-07-06T12:32:16 BST" name="checkSearchButtonIsDisplayedOnTabletAndMobile" finished-at="2020-07-06T12:32:17 BST" duration-ms="26" status="PASS">
          <reporter-output>
          </reporter-output>
        </test-method> <!-- checkSearchButtonIsDisplayedOnTabletAndMobile -->
        <test-method is-config="true" signature="quitDriver()[pri:0, instance:com.natasha.applitools.traditionalTests.traditionalTestV2.CrossDeviceElementTest@7f1302d6]" started-at="2020-07-06T12:32:17 BST" name="quitDriver" finished-at="2020-07-06T12:32:17 BST" duration-ms="87" status="PASS">
          <reporter-output>
          </reporter-output>
        </test-method> <!-- quitDriver -->
        <test-method is-config="true" signature="openBrowser(java.lang.String, java.lang.String)[pri:0, instance:com.natasha.applitools.traditionalTests.traditionalTestV2.CrossDeviceElementTest@7f1302d6]" started-at="2020-07-06T12:32:17 BST" name="openBrowser" finished-at="2020-07-06T12:32:20 BST" duration-ms="3201" status="PASS">
          <params>
            <param index="0">
              <value>
                <![CDATA[edge-desktop]]>
              </value>
            </param>
            <param index="1">
              <value>
                <![CDATA[v2]]>
              </value>
            </param>
          </params>
          <reporter-output>
          </reporter-output>
        </test-method> <!-- openBrowser -->
        <test-method signature="checkViewByGridButtonIsDisplayedOnDesktop()[pri:0, instance:com.natasha.applitools.traditionalTests.traditionalTestV2.CrossDeviceElementTest@7f1302d6]" started-at="2020-07-06T12:32:20 BST" name="checkViewByGridButtonIsDisplayedOnDesktop" finished-at="2020-07-06T12:32:20 BST" duration-ms="24" status="PASS">
          <reporter-output>
          </reporter-output>
        </test-method> <!-- checkViewByGridButtonIsDisplayedOnDesktop -->
        <test-method is-config="true" signature="quitDriver()[pri:0, instance:com.natasha.applitools.traditionalTests.traditionalTestV2.CrossDeviceElementTest@7f1302d6]" started-at="2020-07-06T12:32:20 BST" name="quitDriver" finished-at="2020-07-06T12:32:20 BST" duration-ms="88" status="PASS">
          <reporter-output>
          </reporter-output>
        </test-method> <!-- quitDriver -->
        <test-method is-config="true" signature="openBrowser(java.lang.String, java.lang.String)[pri:0, instance:com.natasha.applitools.traditionalTests.traditionalTestV2.CrossDeviceElementTest@7f1302d6]" started-at="2020-07-06T12:32:20 BST" name="openBrowser" finished-at="2020-07-06T12:32:23 BST" duration-ms="2677" status="PASS">
          <params>
            <param index="0">
              <value>
                <![CDATA[edge-desktop]]>
              </value>
            </param>
            <param index="1">
              <value>
                <![CDATA[v2]]>
              </value>
            </param>
          </params>
          <reporter-output>
          </reporter-output>
        </test-method> <!-- openBrowser -->
        <test-method signature="checkViewByListButtonIsDisplayedOnDesktop()[pri:0, instance:com.natasha.applitools.traditionalTests.traditionalTestV2.CrossDeviceElementTest@7f1302d6]" started-at="2020-07-06T12:32:23 BST" name="checkViewByListButtonIsDisplayedOnDesktop" finished-at="2020-07-06T12:32:23 BST" duration-ms="28" status="PASS">
          <reporter-output>
          </reporter-output>
        </test-method> <!-- checkViewByListButtonIsDisplayedOnDesktop -->
        <test-method is-config="true" signature="quitDriver()[pri:0, instance:com.natasha.applitools.traditionalTests.traditionalTestV2.CrossDeviceElementTest@7f1302d6]" started-at="2020-07-06T12:32:23 BST" name="quitDriver" finished-at="2020-07-06T12:32:23 BST" duration-ms="84" status="PASS">
          <reporter-output>
          </reporter-output>
        </test-method> <!-- quitDriver -->
        <test-method is-config="true" signature="openBrowser(java.lang.String, java.lang.String)[pri:0, instance:com.natasha.applitools.traditionalTests.traditionalTestV2.CrossDeviceElementTest@7f1302d6]" started-at="2020-07-06T12:32:23 BST" name="openBrowser" finished-at="2020-07-06T12:32:25 BST" duration-ms="2310" status="PASS">
          <params>
            <param index="0">
              <value>
                <![CDATA[edge-desktop]]>
              </value>
            </param>
            <param index="1">
              <value>
                <![CDATA[v2]]>
              </value>
            </param>
          </params>
          <reporter-output>
          </reporter-output>
        </test-method> <!-- openBrowser -->
        <test-method signature="checkWishlistButtonIsDisplayedOnDesktop()[pri:0, instance:com.natasha.applitools.traditionalTests.traditionalTestV2.CrossDeviceElementTest@7f1302d6]" started-at="2020-07-06T12:32:25 BST" name="checkWishlistButtonIsDisplayedOnDesktop" finished-at="2020-07-06T12:32:25 BST" duration-ms="28" status="PASS">
          <reporter-output>
          </reporter-output>
        </test-method> <!-- checkWishlistButtonIsDisplayedOnDesktop -->
        <test-method is-config="true" signature="quitDriver()[pri:0, instance:com.natasha.applitools.traditionalTests.traditionalTestV2.CrossDeviceElementTest@7f1302d6]" started-at="2020-07-06T12:32:25 BST" name="quitDriver" finished-at="2020-07-06T12:32:25 BST" duration-ms="90" status="PASS">
          <reporter-output>
          </reporter-output>
        </test-method> <!-- quitDriver -->
      </class> <!-- com.natasha.applitools.traditionalTests.traditionalTestV2.CrossDeviceElementTest -->
      <class name="com.natasha.applitools.traditionalTests.traditionalTestV2.ProductDetailsTest">
        <test-method is-config="true" signature="openBrowser(java.lang.String, java.lang.String)[pri:0, instance:com.natasha.applitools.traditionalTests.traditionalTestV2.ProductDetailsTest@23529fee]" started-at="2020-07-06T12:32:28 BST" name="openBrowser" finished-at="2020-07-06T12:32:30 BST" duration-ms="2458" status="PASS">
          <params>
            <param index="0">
              <value>
                <![CDATA[edge-desktop]]>
              </value>
            </param>
            <param index="1">
              <value>
                <![CDATA[v2]]>
              </value>
            </param>
          </params>
          <reporter-output>
          </reporter-output>
        </test-method> <!-- openBrowser -->
        <test-method signature="checkItemModelValueIsDisplayed()[pri:0, instance:com.natasha.applitools.traditionalTests.traditionalTestV2.ProductDetailsTest@23529fee]" started-at="2020-07-06T12:32:30 BST" name="checkItemModelValueIsDisplayed" finished-at="2020-07-06T12:32:31 BST" duration-ms="693" status="PASS">
          <reporter-output>
          </reporter-output>
        </test-method> <!-- checkItemModelValueIsDisplayed -->
        <test-method is-config="true" signature="quitDriver()[pri:0, instance:com.natasha.applitools.traditionalTests.traditionalTestV2.ProductDetailsTest@23529fee]" started-at="2020-07-06T12:32:31 BST" name="quitDriver" finished-at="2020-07-06T12:32:31 BST" duration-ms="81" status="PASS">
          <reporter-output>
          </reporter-output>
        </test-method> <!-- quitDriver -->
        <test-method is-config="true" signature="openBrowser(java.lang.String, java.lang.String)[pri:0, instance:com.natasha.applitools.traditionalTests.traditionalTestV2.ProductDetailsTest@23529fee]" started-at="2020-07-06T12:32:31 BST" name="openBrowser" finished-at="2020-07-06T12:32:33 BST" duration-ms="2212" status="PASS">
          <params>
            <param index="0">
              <value>
                <![CDATA[edge-desktop]]>
              </value>
            </param>
            <param index="1">
              <value>
                <![CDATA[v2]]>
              </value>
            </param>
          </params>
          <reporter-output>
          </reporter-output>
        </test-method> <!-- openBrowser -->
        <test-method signature="checkNewPriceHasDecimals()[pri:0, instance:com.natasha.applitools.traditionalTests.traditionalTestV2.ProductDetailsTest@23529fee]" started-at="2020-07-06T12:32:33 BST" name="checkNewPriceHasDecimals" finished-at="2020-07-06T12:32:34 BST" duration-ms="671" status="FAIL">
          <exception class="java.lang.AssertionError">
            <message>
              <![CDATA[expected [true] but found [false]]]>
            </message>
            <full-stacktrace>
              <![CDATA[java.lang.AssertionError: expected [true] but found [false]
at org.testng.Assert.fail(Assert.java:97)
at org.testng.Assert.failNotEquals(Assert.java:969)
at org.testng.Assert.assertTrue(Assert.java:43)
at org.testng.Assert.assertTrue(Assert.java:53)
at com.natasha.applitools.traditionalTests.BaseTest.checkText(BaseTest.kt:152)
at com.natasha.applitools.traditionalTests.traditionalTestV2.ProductDetailsTest.checkNewPriceHasDecimals(ProductDetailsTest.kt:32)
at java.base/jdk.internal.reflect.NativeMethodAccessorImpl.invoke0(Native Method)
at java.base/jdk.internal.reflect.NativeMethodAccessorImpl.invoke(NativeMethodAccessorImpl.java:62)
at java.base/jdk.internal.reflect.DelegatingMethodAccessorImpl.invoke(DelegatingMethodAccessorImpl.java:43)
at java.base/java.lang.reflect.Method.invoke(Method.java:567)
at org.testng.internal.MethodInvocationHelper.invokeMethod(MethodInvocationHelper.java:134)
at org.testng.internal.TestInvoker.invokeMethod(TestInvoker.java:597)
at org.testng.internal.TestInvoker.invokeTestMethod(TestInvoker.java:173)
at org.testng.internal.MethodRunner.runInSequence(MethodRunner.java:46)
at org.testng.internal.TestInvoker$MethodInvocationAgent.invoke(TestInvoker.java:816)
at org.testng.internal.TestInvoker.invokeTestMethods(TestInvoker.java:146)
at org.testng.internal.TestMethodWorker.invokeTestMethods(TestMethodWorker.java:146)
at org.testng.internal.TestMethodWorker.run(TestMethodWorker.java:128)
at java.base/java.util.ArrayList.forEach(ArrayList.java:1507)
at org.testng.TestRunner.privateRun(TestRunner.java:766)
at org.testng.TestRunner.run(TestRunner.java:587)
at org.testng.SuiteRunner.runTest(SuiteRunner.java:384)
at org.testng.SuiteRunner.runSequentially(SuiteRunner.java:378)
at org.testng.SuiteRunner.privateRun(SuiteRunner.java:337)
at org.testng.SuiteRunner.run(SuiteRunner.java:286)
at org.testng.SuiteRunnerWorker.runSuite(SuiteRunnerWorker.java:53)
at org.testng.SuiteRunnerWorker.run(SuiteRunnerWorker.java:96)
at org.testng.TestNG.runSuitesSequentially(TestNG.java:1187)
at org.testng.TestNG.runSuitesLocally(TestNG.java:1109)
at org.testng.TestNG.runSuites(TestNG.java:1039)
at org.testng.TestNG.run(TestNG.java:1007)
at org.apache.maven.surefire.testng.TestNGExecutor.run(TestNGExecutor.java:283)
at org.apache.maven.surefire.testng.TestNGXmlTestSuite.execute(TestNGXmlTestSuite.java:75)
at org.apache.maven.surefire.testng.TestNGProvider.invoke(TestNGProvider.java:120)
at org.apache.maven.surefire.booter.ForkedBooter.runSuitesInProcess(ForkedBooter.java:377)
at org.apache.maven.surefire.booter.ForkedBooter.execute(ForkedBooter.java:138)
at org.apache.maven.surefire.booter.ForkedBooter.run(ForkedBooter.java:465)
at org.apache.maven.surefire.booter.ForkedBooter.main(ForkedBooter.java:451)
]]>
            </full-stacktrace>
          </exception> <!-- java.lang.AssertionError -->
          <reporter-output>
          </reporter-output>
        </test-method> <!-- checkNewPriceHasDecimals -->
        <test-method is-config="true" signature="quitDriver()[pri:0, instance:com.natasha.applitools.traditionalTests.traditionalTestV2.ProductDetailsTest@23529fee]" started-at="2020-07-06T12:32:34 BST" name="quitDriver" finished-at="2020-07-06T12:32:34 BST" duration-ms="91" status="PASS">
          <reporter-output>
          </reporter-output>
        </test-method> <!-- quitDriver -->
        <test-method is-config="true" signature="openBrowser(java.lang.String, java.lang.String)[pri:0, instance:com.natasha.applitools.traditionalTests.traditionalTestV2.ProductDetailsTest@23529fee]" started-at="2020-07-06T12:32:34 BST" name="openBrowser" finished-at="2020-07-06T12:32:36 BST" duration-ms="2195" status="PASS">
          <params>
            <param index="0">
              <value>
                <![CDATA[edge-desktop]]>
              </value>
            </param>
            <param index="1">
              <value>
                <![CDATA[v2]]>
              </value>
            </param>
          </params>
          <reporter-output>
          </reporter-output>
        </test-method> <!-- openBrowser -->
        <test-method signature="checkOldPriceHasCssValueLineThrough()[pri:0, instance:com.natasha.applitools.traditionalTests.traditionalTestV2.ProductDetailsTest@23529fee]" started-at="2020-07-06T12:32:36 BST" name="checkOldPriceHasCssValueLineThrough" finished-at="2020-07-06T12:32:37 BST" duration-ms="665" status="PASS">
          <reporter-output>
          </reporter-output>
        </test-method> <!-- checkOldPriceHasCssValueLineThrough -->
        <test-method is-config="true" signature="quitDriver()[pri:0, instance:com.natasha.applitools.traditionalTests.traditionalTestV2.ProductDetailsTest@23529fee]" started-at="2020-07-06T12:32:37 BST" name="quitDriver" finished-at="2020-07-06T12:32:37 BST" duration-ms="83" status="PASS">
          <reporter-output>
          </reporter-output>
        </test-method> <!-- quitDriver -->
        <test-method is-config="true" signature="openBrowser(java.lang.String, java.lang.String)[pri:0, instance:com.natasha.applitools.traditionalTests.traditionalTestV2.ProductDetailsTest@23529fee]" started-at="2020-07-06T12:32:37 BST" name="openBrowser" finished-at="2020-07-06T12:32:39 BST" duration-ms="2110" status="PASS">
          <params>
            <param index="0">
              <value>
                <![CDATA[edge-desktop]]>
              </value>
            </param>
            <param index="1">
              <value>
                <![CDATA[v2]]>
              </value>
            </param>
          </params>
          <reporter-output>
          </reporter-output>
        </test-method> <!-- openBrowser -->
        <test-method signature="checkSizeSmallValueEqualsSmallS()[pri:0, instance:com.natasha.applitools.traditionalTests.traditionalTestV2.ProductDetailsTest@23529fee]" started-at="2020-07-06T12:32:39 BST" name="checkSizeSmallValueEqualsSmallS" finished-at="2020-07-06T12:32:40 BST" duration-ms="659" status="FAIL">
          <exception class="java.lang.AssertionError">
            <message>
              <![CDATA[expected [true] but found [false]]]>
            </message>
            <full-stacktrace>
              <![CDATA[java.lang.AssertionError: expected [true] but found [false]
at org.testng.Assert.fail(Assert.java:97)
at org.testng.Assert.failNotEquals(Assert.java:969)
at org.testng.Assert.assertTrue(Assert.java:43)
at org.testng.Assert.assertTrue(Assert.java:53)
at com.natasha.applitools.traditionalTests.BaseTest.checkText(BaseTest.kt:152)
at com.natasha.applitools.traditionalTests.traditionalTestV2.ProductDetailsTest.checkSizeSmallValueEqualsSmallS(ProductDetailsTest.kt:23)
at java.base/jdk.internal.reflect.NativeMethodAccessorImpl.invoke0(Native Method)
at java.base/jdk.internal.reflect.NativeMethodAccessorImpl.invoke(NativeMethodAccessorImpl.java:62)
at java.base/jdk.internal.reflect.DelegatingMethodAccessorImpl.invoke(DelegatingMethodAccessorImpl.java:43)
at java.base/java.lang.reflect.Method.invoke(Method.java:567)
at org.testng.internal.MethodInvocationHelper.invokeMethod(MethodInvocationHelper.java:134)
at org.testng.internal.TestInvoker.invokeMethod(TestInvoker.java:597)
at org.testng.internal.TestInvoker.invokeTestMethod(TestInvoker.java:173)
at org.testng.internal.MethodRunner.runInSequence(MethodRunner.java:46)
at org.testng.internal.TestInvoker$MethodInvocationAgent.invoke(TestInvoker.java:816)
at org.testng.internal.TestInvoker.invokeTestMethods(TestInvoker.java:146)
at org.testng.internal.TestMethodWorker.invokeTestMethods(TestMethodWorker.java:146)
at org.testng.internal.TestMethodWorker.run(TestMethodWorker.java:128)
at java.base/java.util.ArrayList.forEach(ArrayList.java:1507)
at org.testng.TestRunner.privateRun(TestRunner.java:766)
at org.testng.TestRunner.run(TestRunner.java:587)
at org.testng.SuiteRunner.runTest(SuiteRunner.java:384)
at org.testng.SuiteRunner.runSequentially(SuiteRunner.java:378)
at org.testng.SuiteRunner.privateRun(SuiteRunner.java:337)
at org.testng.SuiteRunner.run(SuiteRunner.java:286)
at org.testng.SuiteRunnerWorker.runSuite(SuiteRunnerWorker.java:53)
at org.testng.SuiteRunnerWorker.run(SuiteRunnerWorker.java:96)
at org.testng.TestNG.runSuitesSequentially(TestNG.java:1187)
at org.testng.TestNG.runSuitesLocally(TestNG.java:1109)
at org.testng.TestNG.runSuites(TestNG.java:1039)
at org.testng.TestNG.run(TestNG.java:1007)
at org.apache.maven.surefire.testng.TestNGExecutor.run(TestNGExecutor.java:283)
at org.apache.maven.surefire.testng.TestNGXmlTestSuite.execute(TestNGXmlTestSuite.java:75)
at org.apache.maven.surefire.testng.TestNGProvider.invoke(TestNGProvider.java:120)
at org.apache.maven.surefire.booter.ForkedBooter.runSuitesInProcess(ForkedBooter.java:377)
at org.apache.maven.surefire.booter.ForkedBooter.execute(ForkedBooter.java:138)
at org.apache.maven.surefire.booter.ForkedBooter.run(ForkedBooter.java:465)
at org.apache.maven.surefire.booter.ForkedBooter.main(ForkedBooter.java:451)
]]>
            </full-stacktrace>
          </exception> <!-- java.lang.AssertionError -->
          <reporter-output>
          </reporter-output>
        </test-method> <!-- checkSizeSmallValueEqualsSmallS -->
        <test-method is-config="true" signature="quitDriver()[pri:0, instance:com.natasha.applitools.traditionalTests.traditionalTestV2.ProductDetailsTest@23529fee]" started-at="2020-07-06T12:32:40 BST" name="quitDriver" finished-at="2020-07-06T12:32:40 BST" duration-ms="80" status="PASS">
          <reporter-output>
          </reporter-output>
        </test-method> <!-- quitDriver -->
      </class> <!-- com.natasha.applitools.traditionalTests.traditionalTestV2.ProductDetailsTest -->
    </test> <!-- EdgeChromiumDesktopTest -->
  </suite> <!-- Applitools Traditional Regression Suite -->
</testng-results>
